[0.023s] Invoking command in '/media/wy/7089b057-a6d2-459b-a158-eae994447d5b/MA/ros2_ws/build/imu_echo': CMAKE_PREFIX_PATH=${CMAKE_PREFIX_PATH}:/opt/ros/foxy /usr/bin/cmake --build /media/wy/7089b057-a6d2-459b-a158-eae994447d5b/MA/ros2_ws/build/imu_echo -- -j1 -l1
[0.106s] [35m[1mScanning dependencies of target imu_echo[0m
[0.139s] [ 50%] [32mBuilding CXX object CMakeFiles/imu_echo.dir/src/imu_echo.cpp.o[0m
[5.028s] [100%] [32m[1mLinking CXX executable imu_echo[0m
[5.290s] [100%] Built target imu_echo
[5.306s] Invoked command in '/media/wy/7089b057-a6d2-459b-a158-eae994447d5b/MA/ros2_ws/build/imu_echo' returned '0': CMAKE_PREFIX_PATH=${CMAKE_PREFIX_PATH}:/opt/ros/foxy /usr/bin/cmake --build /media/wy/7089b057-a6d2-459b-a158-eae994447d5b/MA/ros2_ws/build/imu_echo -- -j1 -l1
[5.335s] Invoking command in '/media/wy/7089b057-a6d2-459b-a158-eae994447d5b/MA/ros2_ws/build/imu_echo': CMAKE_PREFIX_PATH=${CMAKE_PREFIX_PATH}:/opt/ros/foxy /usr/bin/cmake --install /media/wy/7089b057-a6d2-459b-a158-eae994447d5b/MA/ros2_ws/build/imu_echo
[5.347s] -- Install configuration: ""
[5.347s] -- Installing: /media/wy/7089b057-a6d2-459b-a158-eae994447d5b/MA/ros2_ws/install/imu_echo/lib/imu_echo/imu_echo
[5.350s] -- Set runtime path of "/media/wy/7089b057-a6d2-459b-a158-eae994447d5b/MA/ros2_ws/install/imu_echo/lib/imu_echo/imu_echo" to ""
[5.350s] -- Up-to-date: /media/wy/7089b057-a6d2-459b-a158-eae994447d5b/MA/ros2_ws/install/imu_echo/share/ament_index/resource_index/package_run_dependencies/imu_echo
[5.350s] -- Up-to-date: /media/wy/7089b057-a6d2-459b-a158-eae994447d5b/MA/ros2_ws/install/imu_echo/share/ament_index/resource_index/parent_prefix_path/imu_echo
[5.351s] -- Up-to-date: /media/wy/7089b057-a6d2-459b-a158-eae994447d5b/MA/ros2_ws/install/imu_echo/share/imu_echo/environment/ament_prefix_path.sh
[5.351s] -- Up-to-date: /media/wy/7089b057-a6d2-459b-a158-eae994447d5b/MA/ros2_ws/install/imu_echo/share/imu_echo/environment/ament_prefix_path.dsv
[5.351s] -- Up-to-date: /media/wy/7089b057-a6d2-459b-a158-eae994447d5b/MA/ros2_ws/install/imu_echo/share/imu_echo/environment/path.sh
[5.351s] -- Up-to-date: /media/wy/7089b057-a6d2-459b-a158-eae994447d5b/MA/ros2_ws/install/imu_echo/share/imu_echo/environment/path.dsv
[5.351s] -- Up-to-date: /media/wy/7089b057-a6d2-459b-a158-eae994447d5b/MA/ros2_ws/install/imu_echo/share/imu_echo/local_setup.bash
[5.352s] -- Up-to-date: /media/wy/7089b057-a6d2-459b-a158-eae994447d5b/MA/ros2_ws/install/imu_echo/share/imu_echo/local_setup.sh
[5.352s] -- Up-to-date: /media/wy/7089b057-a6d2-459b-a158-eae994447d5b/MA/ros2_ws/install/imu_echo/share/imu_echo/local_setup.zsh
[5.352s] -- Up-to-date: /media/wy/7089b057-a6d2-459b-a158-eae994447d5b/MA/ros2_ws/install/imu_echo/share/imu_echo/local_setup.dsv
[5.352s] -- Installing: /media/wy/7089b057-a6d2-459b-a158-eae994447d5b/MA/ros2_ws/install/imu_echo/share/imu_echo/package.dsv
[5.353s] -- Up-to-date: /media/wy/7089b057-a6d2-459b-a158-eae994447d5b/MA/ros2_ws/install/imu_echo/share/ament_index/resource_index/packages/imu_echo
[5.353s] -- Up-to-date: /media/wy/7089b057-a6d2-459b-a158-eae994447d5b/MA/ros2_ws/install/imu_echo/share/imu_echo/cmake/imu_echoConfig.cmake
[5.353s] -- Up-to-date: /media/wy/7089b057-a6d2-459b-a158-eae994447d5b/MA/ros2_ws/install/imu_echo/share/imu_echo/cmake/imu_echoConfig-version.cmake
[5.353s] -- Up-to-date: /media/wy/7089b057-a6d2-459b-a158-eae994447d5b/MA/ros2_ws/install/imu_echo/share/imu_echo/package.xml
[5.357s] Invoked command in '/media/wy/7089b057-a6d2-459b-a158-eae994447d5b/MA/ros2_ws/build/imu_echo' returned '0': CMAKE_PREFIX_PATH=${CMAKE_PREFIX_PATH}:/opt/ros/foxy /usr/bin/cmake --install /media/wy/7089b057-a6d2-459b-a158-eae994447d5b/MA/ros2_ws/build/imu_echo
