[01m[K/media/wy/7089b057-a6d2-459b-a158-eae994447d5b/MA/ros2_ws/src/imu_echo/src/imu_echo.cpp:44:39:[m[K [01;31m[Kerror: [m[K‘[01m[KImu[m[K’ is not a member of ‘[01m[Kstd_msgs::msg[m[K’; did you mean ‘[01m[Ksensor_msgs::msg::Imu[m[K’?
   44 |   rclcpp::Subscription<std_msgs::msg::[01;31m[KImu[m[K>::SharedPtr subscription_;
      |                                       [01;31m[K^~~[m[K
In file included from [01m[K/opt/ros/foxy/include/sensor_msgs/msg/imu.hpp:7[m[K,
                 from [01m[K/media/wy/7089b057-a6d2-459b-a158-eae994447d5b/MA/ros2_ws/src/imu_echo/src/imu_echo.cpp:8[m[K:
[01m[K/opt/ros/foxy/include/sensor_msgs/msg/detail/imu__struct.hpp:216:7:[m[K [01;36m[Knote: [m[K‘[01m[Ksensor_msgs::msg::Imu[m[K’ declared here
  216 | using [01;36m[KImu[m[K =
      |       [01;36m[K^~~[m[K
[01m[K/media/wy/7089b057-a6d2-459b-a158-eae994447d5b/MA/ros2_ws/src/imu_echo/src/imu_echo.cpp:44:39:[m[K [01;31m[Kerror: [m[K‘[01m[KImu[m[K’ is not a member of ‘[01m[Kstd_msgs::msg[m[K’; did you mean ‘[01m[Ksensor_msgs::msg::Imu[m[K’?
   44 |   rclcpp::Subscription<std_msgs::msg::[01;31m[KImu[m[K>::SharedPtr subscription_;
      |                                       [01;31m[K^~~[m[K
In file included from [01m[K/opt/ros/foxy/include/sensor_msgs/msg/imu.hpp:7[m[K,
                 from [01m[K/media/wy/7089b057-a6d2-459b-a158-eae994447d5b/MA/ros2_ws/src/imu_echo/src/imu_echo.cpp:8[m[K:
[01m[K/opt/ros/foxy/include/sensor_msgs/msg/detail/imu__struct.hpp:216:7:[m[K [01;36m[Knote: [m[K‘[01m[Ksensor_msgs::msg::Imu[m[K’ declared here
  216 | using [01;36m[KImu[m[K =
      |       [01;36m[K^~~[m[K
[01m[K/media/wy/7089b057-a6d2-459b-a158-eae994447d5b/MA/ros2_ws/src/imu_echo/src/imu_echo.cpp:44:42:[m[K [01;31m[Kerror: [m[Ktemplate argument 1 is invalid
   44 |   rclcpp::Subscription<std_msgs::msg::Imu[01;31m[K>[m[K::SharedPtr subscription_;
      |                                          [01;31m[K^[m[K
[01m[K/media/wy/7089b057-a6d2-459b-a158-eae994447d5b/MA/ros2_ws/src/imu_echo/src/imu_echo.cpp:44:42:[m[K [01;31m[Kerror: [m[Ktemplate argument 3 is invalid
[01m[K/media/wy/7089b057-a6d2-459b-a158-eae994447d5b/MA/ros2_ws/src/imu_echo/src/imu_echo.cpp:44:45:[m[K [01;31m[Kerror: [m[Kexpected ‘[01m[K;[m[K’ at end of member declaration
   44 |   rclcpp::Subscription<std_msgs::msg::Imu>::[01;31m[KSharedPtr[m[K subscription_;
      |                                             [01;31m[K^~~~~~~~~[m[K
      |                                                      [32m[K;[m[K
[01m[K/media/wy/7089b057-a6d2-459b-a158-eae994447d5b/MA/ros2_ws/src/imu_echo/src/imu_echo.cpp:44:55:[m[K [01;31m[Kerror: [m[K‘[01m[Ksubscription_[m[K’ does not name a type; did you mean ‘[01m[Krcl_subscription_t[m[K’?
   44 |   rclcpp::Subscription<std_msgs::msg::Imu>::SharedPtr [01;31m[Ksubscription_[m[K;
      |                                                       [01;31m[K^~~~~~~~~~~~~[m[K
      |                                                       [32m[Krcl_subscription_t[m[K
[01m[K/media/wy/7089b057-a6d2-459b-a158-eae994447d5b/MA/ros2_ws/src/imu_echo/src/imu_echo.cpp:[m[K In constructor ‘[01m[KIMU_echo2txt::IMU_echo2txt()[m[K’:
[01m[K/media/wy/7089b057-a6d2-459b-a158-eae994447d5b/MA/ros2_ws/src/imu_echo/src/imu_echo.cpp:17:5:[m[K [01;31m[Kerror: [m[K‘[01m[Ksubscription_[m[K’ was not declared in this scope; did you mean ‘[01m[Krcl_subscription_t[m[K’?
   17 |     [01;31m[Ksubscription_[m[K = this->create_subscription<sensor_msgs::msg::Imu>(
      |     [01;31m[K^~~~~~~~~~~~~[m[K
      |     [32m[Krcl_subscription_t[m[K
[01m[K/media/wy/7089b057-a6d2-459b-a158-eae994447d5b/MA/ros2_ws/src/imu_echo/src/imu_echo.cpp:[m[K In member function ‘[01m[Kvoid IMU_echo2txt::topic_callback(sensor_msgs::msg::Imu_<std::allocator<void> >::SharedPtr) const[m[K’:
[01m[K/media/wy/7089b057-a6d2-459b-a158-eae994447d5b/MA/ros2_ws/src/imu_echo/src/imu_echo.cpp:25:5:[m[K [01;31m[Kerror: [m[K‘[01m[KString[m[K’ was not declared in this scope
   25 |     [01;31m[KString[m[K path = "/home/wy/Documents/MSA/imu.txt";
      |     [01;31m[K^~~~~~[m[K
[01m[K/media/wy/7089b057-a6d2-459b-a158-eae994447d5b/MA/ros2_ws/src/imu_echo/src/imu_echo.cpp:27:34:[m[K [01;31m[Kerror: [m[K‘[01m[Kpath[m[K’ was not declared in this scope
   27 |     std::ofstream loop_path_file([01;31m[Kpath[m[K, std::ios::app);
      |                                  [01;31m[K^~~~[m[K
[01m[K/media/wy/7089b057-a6d2-459b-a158-eae994447d5b/MA/ros2_ws/src/imu_echo/src/imu_echo.cpp:30:31:[m[K [01;31m[Kerror: [m[K‘[01m[Kconst SharedPtr[m[K’ {aka ‘[01m[Kconst class std::shared_ptr<sensor_msgs::msg::Imu_<std::allocator<void> > >[m[K’} has no member named ‘[01m[Kheader[m[K’
   30 |         loop_path_file << msg.[01;31m[Kheader[m[K.stamp * 1e9 << ",";
      |                               [01;31m[K^~~~~~[m[K
[01m[K/media/wy/7089b057-a6d2-459b-a158-eae994447d5b/MA/ros2_ws/src/imu_echo/src/imu_echo.cpp:32:32:[m[K [01;31m[Kerror: [m[K‘[01m[Kconst SharedPtr[m[K’ {aka ‘[01m[Kconst class std::shared_ptr<sensor_msgs::msg::Imu_<std::allocator<void> > >[m[K’} has no member named ‘[01m[Kangular_velocity[m[K’
   32 |         loop_path_file  << msg.[01;31m[Kangular_velocity[m[K.x() << ","
      |                                [01;31m[K^~~~~~~~~~~~~~~~[m[K
[01m[K/media/wy/7089b057-a6d2-459b-a158-eae994447d5b/MA/ros2_ws/src/imu_echo/src/imu_echo.cpp:33:22:[m[K [01;31m[Kerror: [m[K‘[01m[Kconst SharedPtr[m[K’ {aka ‘[01m[Kconst class std::shared_ptr<sensor_msgs::msg::Imu_<std::allocator<void> > >[m[K’} has no member named ‘[01m[Kangular_velocity[m[K’
   33 |               << msg.[01;31m[Kangular_velocity[m[K.y() << ","
      |                      [01;31m[K^~~~~~~~~~~~~~~~[m[K
[01m[K/media/wy/7089b057-a6d2-459b-a158-eae994447d5b/MA/ros2_ws/src/imu_echo/src/imu_echo.cpp:34:22:[m[K [01;31m[Kerror: [m[K‘[01m[Kconst SharedPtr[m[K’ {aka ‘[01m[Kconst class std::shared_ptr<sensor_msgs::msg::Imu_<std::allocator<void> > >[m[K’} has no member named ‘[01m[Kangular_velocity[m[K’
   34 |               << msg.[01;31m[Kangular_velocity[m[K.z() << ","
      |                      [01;31m[K^~~~~~~~~~~~~~~~[m[K
[01m[K/media/wy/7089b057-a6d2-459b-a158-eae994447d5b/MA/ros2_ws/src/imu_echo/src/imu_echo.cpp:36:18:[m[K [01;31m[Kerror: [m[K‘[01m[Klinear_acceleration[m[K’ was not declared in this scope
   36 |               << [01;31m[Klinear_acceleration[m[K.x() << ","
      |                  [01;31m[K^~~~~~~~~~~~~~~~~~~[m[K
make[2]: *** [CMakeFiles/imu_echo.dir/build.make:63: CMakeFiles/imu_echo.dir/src/imu_echo.cpp.o] Error 1
make[1]: *** [CMakeFiles/Makefile2:78: CMakeFiles/imu_echo.dir/all] Error 2
make: *** [Makefile:141: all] Error 2
