[0.014s] Invoking command in '/media/wy/7089b057-a6d2-459b-a158-eae994447d5b/MA/ros2_ws/build/IMU_echo': CMAKE_PREFIX_PATH=${CMAKE_PREFIX_PATH}:/opt/ros/foxy /usr/bin/cmake /media/wy/7089b057-a6d2-459b-a158-eae994447d5b/MA/ros2_ws/src/IMU_echo -DCMAKE_INSTALL_PREFIX=/media/wy/7089b057-a6d2-459b-a158-eae994447d5b/MA/ros2_ws/install/IMU_echo
[0.098s] -- The C compiler identification is GNU 9.4.0
[0.162s] -- The CXX compiler identification is GNU 9.4.0
[0.167s] -- Check for working C compiler: /usr/bin/cc
[0.238s] -- Check for working C compiler: /usr/bin/cc -- works
[0.239s] -- Detecting C compiler ABI info
[0.308s] -- Detecting C compiler ABI info - done
[0.320s] -- Detecting C compile features
[0.320s] -- Detecting C compile features - done
[0.323s] -- Check for working CXX compiler: /usr/bin/c++
[0.404s] -- Check for working CXX compiler: /usr/bin/c++ -- works
[0.405s] -- Detecting CXX compiler ABI info
[0.488s] -- Detecting CXX compiler ABI info - done
[0.500s] -- Detecting CXX compile features
[0.500s] -- Detecting CXX compile features - done
[0.502s] -- Found ament_cmake: 0.9.9 (/opt/ros/foxy/share/ament_cmake/cmake)
[0.529s] -- Found PythonInterp: /usr/bin/python3 (found suitable version "3.8.10", minimum required is "3") 
[0.529s] -- Using PYTHON_EXECUTABLE: /usr/bin/python3
[0.759s] -- Found ament_lint_auto: 0.9.6 (/opt/ros/foxy/share/ament_lint_auto/cmake)
[0.829s] WARNING: Package name "IMU_echo" does not follow the naming conventions. It should start with a lower case letter and only contain lower case letters, digits, underscores, and dashes.
[1.019s] -- Added test 'copyright' to check source files copyright and LICENSE
[1.023s] -- Added test 'cppcheck' to perform static code analysis on C / C++ code
[1.024s] -- Configured cppcheck include dirs: $<BUILD_INTERFACE:/media/wy/7089b057-a6d2-459b-a158-eae994447d5b/MA/ros2_ws/src/IMU_echo/include>
[1.025s] -- Configured cppcheck exclude dirs and/or files: 
[1.033s] -- Added test 'cpplint' to check C / C++ code against the Google style
[1.034s] -- Configured cpplint exclude dirs and/or files: 
[1.037s] -- Added test 'lint_cmake' to check CMake code style
[1.039s] -- Added test 'uncrustify' to check C / C++ code style
[1.040s] -- Configured uncrustify additional arguments: 
[1.041s] -- Added test 'xmllint' to check XML markup files
[1.044s] -- Configuring done
[1.048s] -- Generating done
[1.050s] -- Build files have been written to: /media/wy/7089b057-a6d2-459b-a158-eae994447d5b/MA/ros2_ws/build/IMU_echo
[1.055s] Invoked command in '/media/wy/7089b057-a6d2-459b-a158-eae994447d5b/MA/ros2_ws/build/IMU_echo' returned '0': CMAKE_PREFIX_PATH=${CMAKE_PREFIX_PATH}:/opt/ros/foxy /usr/bin/cmake /media/wy/7089b057-a6d2-459b-a158-eae994447d5b/MA/ros2_ws/src/IMU_echo -DCMAKE_INSTALL_PREFIX=/media/wy/7089b057-a6d2-459b-a158-eae994447d5b/MA/ros2_ws/install/IMU_echo
[1.056s] Invoking command in '/media/wy/7089b057-a6d2-459b-a158-eae994447d5b/MA/ros2_ws/build/IMU_echo': CMAKE_PREFIX_PATH=${CMAKE_PREFIX_PATH}:/opt/ros/foxy /usr/bin/cmake --build /media/wy/7089b057-a6d2-459b-a158-eae994447d5b/MA/ros2_ws/build/IMU_echo -- -j1 -l1
[1.102s] [35m[1mScanning dependencies of target IMU_echo[0m
[1.114s] [ 50%] [32mBuilding CXX object CMakeFiles/IMU_echo.dir/src/IMU_echo.cpp.o[0m
[1.147s] [100%] [32m[1mLinking CXX executable IMU_echo[0m
[1.191s] [100%] Built target IMU_echo
[1.205s] Invoked command in '/media/wy/7089b057-a6d2-459b-a158-eae994447d5b/MA/ros2_ws/build/IMU_echo' returned '0': CMAKE_PREFIX_PATH=${CMAKE_PREFIX_PATH}:/opt/ros/foxy /usr/bin/cmake --build /media/wy/7089b057-a6d2-459b-a158-eae994447d5b/MA/ros2_ws/build/IMU_echo -- -j1 -l1
[1.248s] Invoking command in '/media/wy/7089b057-a6d2-459b-a158-eae994447d5b/MA/ros2_ws/build/IMU_echo': CMAKE_PREFIX_PATH=${CMAKE_PREFIX_PATH}:/opt/ros/foxy /usr/bin/cmake --install /media/wy/7089b057-a6d2-459b-a158-eae994447d5b/MA/ros2_ws/build/IMU_echo
[1.259s] -- Install configuration: ""
[1.260s] -- Installing: /media/wy/7089b057-a6d2-459b-a158-eae994447d5b/MA/ros2_ws/install/IMU_echo/lib/IMU_echo/IMU_echo
[1.260s] -- Installing: /media/wy/7089b057-a6d2-459b-a158-eae994447d5b/MA/ros2_ws/install/IMU_echo/share/ament_index/resource_index/package_run_dependencies/IMU_echo
[1.260s] -- Installing: /media/wy/7089b057-a6d2-459b-a158-eae994447d5b/MA/ros2_ws/install/IMU_echo/share/ament_index/resource_index/parent_prefix_path/IMU_echo
[1.261s] -- Installing: /media/wy/7089b057-a6d2-459b-a158-eae994447d5b/MA/ros2_ws/install/IMU_echo/share/IMU_echo/environment/ament_prefix_path.sh
[1.261s] -- Installing: /media/wy/7089b057-a6d2-459b-a158-eae994447d5b/MA/ros2_ws/install/IMU_echo/share/IMU_echo/environment/ament_prefix_path.dsv
[1.261s] -- Installing: /media/wy/7089b057-a6d2-459b-a158-eae994447d5b/MA/ros2_ws/install/IMU_echo/share/IMU_echo/environment/path.sh
[1.262s] -- Installing: /media/wy/7089b057-a6d2-459b-a158-eae994447d5b/MA/ros2_ws/install/IMU_echo/share/IMU_echo/environment/path.dsv
[1.262s] -- Installing: /media/wy/7089b057-a6d2-459b-a158-eae994447d5b/MA/ros2_ws/install/IMU_echo/share/IMU_echo/local_setup.bash
[1.262s] -- Installing: /media/wy/7089b057-a6d2-459b-a158-eae994447d5b/MA/ros2_ws/install/IMU_echo/share/IMU_echo/local_setup.sh
[1.263s] -- Installing: /media/wy/7089b057-a6d2-459b-a158-eae994447d5b/MA/ros2_ws/install/IMU_echo/share/IMU_echo/local_setup.zsh
[1.263s] -- Installing: /media/wy/7089b057-a6d2-459b-a158-eae994447d5b/MA/ros2_ws/install/IMU_echo/share/IMU_echo/local_setup.dsv
[1.263s] -- Installing: /media/wy/7089b057-a6d2-459b-a158-eae994447d5b/MA/ros2_ws/install/IMU_echo/share/IMU_echo/package.dsv
[1.264s] -- Installing: /media/wy/7089b057-a6d2-459b-a158-eae994447d5b/MA/ros2_ws/install/IMU_echo/share/ament_index/resource_index/packages/IMU_echo
[1.264s] -- Installing: /media/wy/7089b057-a6d2-459b-a158-eae994447d5b/MA/ros2_ws/install/IMU_echo/share/IMU_echo/cmake/IMU_echoConfig.cmake
[1.264s] -- Installing: /media/wy/7089b057-a6d2-459b-a158-eae994447d5b/MA/ros2_ws/install/IMU_echo/share/IMU_echo/cmake/IMU_echoConfig-version.cmake
[1.265s] -- Installing: /media/wy/7089b057-a6d2-459b-a158-eae994447d5b/MA/ros2_ws/install/IMU_echo/share/IMU_echo/package.xml
[1.271s] Invoked command in '/media/wy/7089b057-a6d2-459b-a158-eae994447d5b/MA/ros2_ws/build/IMU_echo' returned '0': CMAKE_PREFIX_PATH=${CMAKE_PREFIX_PATH}:/opt/ros/foxy /usr/bin/cmake --install /media/wy/7089b057-a6d2-459b-a158-eae994447d5b/MA/ros2_ws/build/IMU_echo
