[0.009s] Invoking command in '/media/wy/7089b057-a6d2-459b-a158-eae994447d5b/MA/ros2_ws/build/imu_echo': CMAKE_PREFIX_PATH=${CMAKE_PREFIX_PATH}:/opt/ros/foxy /usr/bin/cmake /media/wy/7089b057-a6d2-459b-a158-eae994447d5b/MA/ros2_ws/src/imu_echo -DCMAKE_INSTALL_PREFIX=/media/wy/7089b057-a6d2-459b-a158-eae994447d5b/MA/ros2_ws/install/imu_echo
[0.091s] -- The C compiler identification is GNU 9.4.0
[0.156s] -- The CXX compiler identification is GNU 9.4.0
[0.164s] -- Check for working C compiler: /usr/bin/cc
[0.236s] -- Check for working C compiler: /usr/bin/cc -- works
[0.237s] -- Detecting C compiler ABI info
[0.305s] -- Detecting C compiler ABI info - done
[0.317s] -- Detecting C compile features
[0.317s] -- Detecting C compile features - done
[0.320s] -- Check for working CXX compiler: /usr/bin/c++
[0.404s] -- Check for working CXX compiler: /usr/bin/c++ -- works
[0.405s] -- Detecting CXX compiler ABI info
[0.486s] -- Detecting CXX compiler ABI info - done
[0.498s] -- Detecting CXX compile features
[0.499s] -- Detecting CXX compile features - done
[0.501s] -- Found ament_cmake: 0.9.9 (/opt/ros/foxy/share/ament_cmake/cmake)
[0.524s] -- Found PythonInterp: /usr/bin/python3 (found suitable version "3.8.10", minimum required is "3") 
[0.524s] -- Using PYTHON_EXECUTABLE: /usr/bin/python3
[0.719s] -- Found ament_lint_auto: 0.9.6 (/opt/ros/foxy/share/ament_lint_auto/cmake)
[0.793s] -- Added test 'copyright' to check source files copyright and LICENSE
[0.794s] -- Added test 'cppcheck' to perform static code analysis on C / C++ code
[0.794s] -- Configured cppcheck include dirs: $<BUILD_INTERFACE:/media/wy/7089b057-a6d2-459b-a158-eae994447d5b/MA/ros2_ws/src/imu_echo/include>
[0.794s] -- Configured cppcheck exclude dirs and/or files: 
[0.795s] -- Added test 'cpplint' to check C / C++ code against the Google style
[0.795s] -- Configured cpplint exclude dirs and/or files: 
[0.796s] -- Added test 'lint_cmake' to check CMake code style
[0.797s] -- Added test 'uncrustify' to check C / C++ code style
[0.797s] -- Configured uncrustify additional arguments: 
[0.798s] -- Added test 'xmllint' to check XML markup files
[0.800s] -- Configuring done
[0.803s] -- Generating done
[0.804s] -- Build files have been written to: /media/wy/7089b057-a6d2-459b-a158-eae994447d5b/MA/ros2_ws/build/imu_echo
[0.810s] Invoked command in '/media/wy/7089b057-a6d2-459b-a158-eae994447d5b/MA/ros2_ws/build/imu_echo' returned '0': CMAKE_PREFIX_PATH=${CMAKE_PREFIX_PATH}:/opt/ros/foxy /usr/bin/cmake /media/wy/7089b057-a6d2-459b-a158-eae994447d5b/MA/ros2_ws/src/imu_echo -DCMAKE_INSTALL_PREFIX=/media/wy/7089b057-a6d2-459b-a158-eae994447d5b/MA/ros2_ws/install/imu_echo
[0.811s] Invoking command in '/media/wy/7089b057-a6d2-459b-a158-eae994447d5b/MA/ros2_ws/build/imu_echo': CMAKE_PREFIX_PATH=${CMAKE_PREFIX_PATH}:/opt/ros/foxy /usr/bin/cmake --build /media/wy/7089b057-a6d2-459b-a158-eae994447d5b/MA/ros2_ws/build/imu_echo -- -j1 -l1
[0.856s] [35m[1mScanning dependencies of target imu_echo[0m
[0.868s] [ 50%] [32mBuilding CXX object CMakeFiles/imu_echo.dir/src/imu_echo.cpp.o[0m
[0.896s] [100%] [32m[1mLinking CXX executable imu_echo[0m
[0.945s] [100%] Built target imu_echo
[0.959s] Invoked command in '/media/wy/7089b057-a6d2-459b-a158-eae994447d5b/MA/ros2_ws/build/imu_echo' returned '0': CMAKE_PREFIX_PATH=${CMAKE_PREFIX_PATH}:/opt/ros/foxy /usr/bin/cmake --build /media/wy/7089b057-a6d2-459b-a158-eae994447d5b/MA/ros2_ws/build/imu_echo -- -j1 -l1
[0.998s] Invoking command in '/media/wy/7089b057-a6d2-459b-a158-eae994447d5b/MA/ros2_ws/build/imu_echo': CMAKE_PREFIX_PATH=${CMAKE_PREFIX_PATH}:/opt/ros/foxy /usr/bin/cmake --install /media/wy/7089b057-a6d2-459b-a158-eae994447d5b/MA/ros2_ws/build/imu_echo
[1.010s] -- Install configuration: ""
[1.010s] -- Installing: /media/wy/7089b057-a6d2-459b-a158-eae994447d5b/MA/ros2_ws/install/imu_echo/lib/imu_echo/imu_echo
[1.011s] -- Installing: /media/wy/7089b057-a6d2-459b-a158-eae994447d5b/MA/ros2_ws/install/imu_echo/share/ament_index/resource_index/package_run_dependencies/imu_echo
[1.011s] -- Installing: /media/wy/7089b057-a6d2-459b-a158-eae994447d5b/MA/ros2_ws/install/imu_echo/share/ament_index/resource_index/parent_prefix_path/imu_echo
[1.011s] -- Installing: /media/wy/7089b057-a6d2-459b-a158-eae994447d5b/MA/ros2_ws/install/imu_echo/share/imu_echo/environment/ament_prefix_path.sh
[1.012s] -- Installing: /media/wy/7089b057-a6d2-459b-a158-eae994447d5b/MA/ros2_ws/install/imu_echo/share/imu_echo/environment/ament_prefix_path.dsv
[1.012s] -- Installing: /media/wy/7089b057-a6d2-459b-a158-eae994447d5b/MA/ros2_ws/install/imu_echo/share/imu_echo/environment/path.sh
[1.012s] -- Installing: /media/wy/7089b057-a6d2-459b-a158-eae994447d5b/MA/ros2_ws/install/imu_echo/share/imu_echo/environment/path.dsv
[1.013s] -- Installing: /media/wy/7089b057-a6d2-459b-a158-eae994447d5b/MA/ros2_ws/install/imu_echo/share/imu_echo/local_setup.bash
[1.013s] -- Installing: /media/wy/7089b057-a6d2-459b-a158-eae994447d5b/MA/ros2_ws/install/imu_echo/share/imu_echo/local_setup.sh
[1.013s] -- Installing: /media/wy/7089b057-a6d2-459b-a158-eae994447d5b/MA/ros2_ws/install/imu_echo/share/imu_echo/local_setup.zsh
[1.014s] -- Installing: /media/wy/7089b057-a6d2-459b-a158-eae994447d5b/MA/ros2_ws/install/imu_echo/share/imu_echo/local_setup.dsv
[1.014s] -- Installing: /media/wy/7089b057-a6d2-459b-a158-eae994447d5b/MA/ros2_ws/install/imu_echo/share/imu_echo/package.dsv
[1.014s] -- Installing: /media/wy/7089b057-a6d2-459b-a158-eae994447d5b/MA/ros2_ws/install/imu_echo/share/ament_index/resource_index/packages/imu_echo
[1.015s] -- Installing: /media/wy/7089b057-a6d2-459b-a158-eae994447d5b/MA/ros2_ws/install/imu_echo/share/imu_echo/cmake/imu_echoConfig.cmake
[1.015s] -- Installing: /media/wy/7089b057-a6d2-459b-a158-eae994447d5b/MA/ros2_ws/install/imu_echo/share/imu_echo/cmake/imu_echoConfig-version.cmake
[1.015s] -- Installing: /media/wy/7089b057-a6d2-459b-a158-eae994447d5b/MA/ros2_ws/install/imu_echo/share/imu_echo/package.xml
[1.019s] Invoked command in '/media/wy/7089b057-a6d2-459b-a158-eae994447d5b/MA/ros2_ws/build/imu_echo' returned '0': CMAKE_PREFIX_PATH=${CMAKE_PREFIX_PATH}:/opt/ros/foxy /usr/bin/cmake --install /media/wy/7089b057-a6d2-459b-a158-eae994447d5b/MA/ros2_ws/build/imu_echo
