[0.011s] Invoking command in '/media/wy/7089b057-a6d2-459b-a158-eae994447d5b/MA/ros2_ws/build/image_save': CMAKE_PREFIX_PATH=${CMAKE_PREFIX_PATH}:/media/wy/7089b057-a6d2-459b-a158-eae994447d5b/MA/ros2_ws/install/py_image_save:/opt/ros/foxy /usr/bin/cmake --build /media/wy/7089b057-a6d2-459b-a158-eae994447d5b/MA/ros2_ws/build/image_save -- -j1 -l1
[0.155s] Invoked command in '/media/wy/7089b057-a6d2-459b-a158-eae994447d5b/MA/ros2_ws/build/image_save' returned '0': CMAKE_PREFIX_PATH=${CMAKE_PREFIX_PATH}:/media/wy/7089b057-a6d2-459b-a158-eae994447d5b/MA/ros2_ws/install/py_image_save:/opt/ros/foxy /usr/bin/cmake --build /media/wy/7089b057-a6d2-459b-a158-eae994447d5b/MA/ros2_ws/build/image_save -- -j1 -l1
[0.189s] Invoking command in '/media/wy/7089b057-a6d2-459b-a158-eae994447d5b/MA/ros2_ws/build/image_save': CMAKE_PREFIX_PATH=${CMAKE_PREFIX_PATH}:/media/wy/7089b057-a6d2-459b-a158-eae994447d5b/MA/ros2_ws/install/py_image_save:/opt/ros/foxy /usr/bin/cmake --install /media/wy/7089b057-a6d2-459b-a158-eae994447d5b/MA/ros2_ws/build/image_save
[0.204s] -- Install configuration: ""
[0.205s] -- Up-to-date: /media/wy/7089b057-a6d2-459b-a158-eae994447d5b/MA/ros2_ws/install/image_save/share/ament_index/resource_index/package_run_dependencies/image_save
[0.206s] -- Up-to-date: /media/wy/7089b057-a6d2-459b-a158-eae994447d5b/MA/ros2_ws/install/image_save/share/ament_index/resource_index/parent_prefix_path/image_save
[0.206s] -- Up-to-date: /media/wy/7089b057-a6d2-459b-a158-eae994447d5b/MA/ros2_ws/install/image_save/share/image_save/environment/ament_prefix_path.sh
[0.206s] -- Up-to-date: /media/wy/7089b057-a6d2-459b-a158-eae994447d5b/MA/ros2_ws/install/image_save/share/image_save/environment/ament_prefix_path.dsv
[0.207s] -- Up-to-date: /media/wy/7089b057-a6d2-459b-a158-eae994447d5b/MA/ros2_ws/install/image_save/share/image_save/environment/path.sh
[0.207s] -- Up-to-date: /media/wy/7089b057-a6d2-459b-a158-eae994447d5b/MA/ros2_ws/install/image_save/share/image_save/environment/path.dsv
[0.207s] -- Up-to-date: /media/wy/7089b057-a6d2-459b-a158-eae994447d5b/MA/ros2_ws/install/image_save/share/image_save/local_setup.bash
[0.208s] -- Up-to-date: /media/wy/7089b057-a6d2-459b-a158-eae994447d5b/MA/ros2_ws/install/image_save/share/image_save/local_setup.sh
[0.208s] -- Up-to-date: /media/wy/7089b057-a6d2-459b-a158-eae994447d5b/MA/ros2_ws/install/image_save/share/image_save/local_setup.zsh
[0.209s] -- Up-to-date: /media/wy/7089b057-a6d2-459b-a158-eae994447d5b/MA/ros2_ws/install/image_save/share/image_save/local_setup.dsv
[0.209s] -- Installing: /media/wy/7089b057-a6d2-459b-a158-eae994447d5b/MA/ros2_ws/install/image_save/share/image_save/package.dsv
[0.224s] -- Up-to-date: /media/wy/7089b057-a6d2-459b-a158-eae994447d5b/MA/ros2_ws/install/image_save/share/ament_index/resource_index/packages/image_save
[0.224s] -- Up-to-date: /media/wy/7089b057-a6d2-459b-a158-eae994447d5b/MA/ros2_ws/install/image_save/share/image_save/cmake/image_saveConfig.cmake
[0.225s] -- Up-to-date: /media/wy/7089b057-a6d2-459b-a158-eae994447d5b/MA/ros2_ws/install/image_save/share/image_save/cmake/image_saveConfig-version.cmake
[0.225s] -- Up-to-date: /media/wy/7089b057-a6d2-459b-a158-eae994447d5b/MA/ros2_ws/install/image_save/share/image_save/package.xml
[0.227s] Invoked command in '/media/wy/7089b057-a6d2-459b-a158-eae994447d5b/MA/ros2_ws/build/image_save' returned '0': CMAKE_PREFIX_PATH=${CMAKE_PREFIX_PATH}:/media/wy/7089b057-a6d2-459b-a158-eae994447d5b/MA/ros2_ws/install/py_image_save:/opt/ros/foxy /usr/bin/cmake --install /media/wy/7089b057-a6d2-459b-a158-eae994447d5b/MA/ros2_ws/build/image_save
