Performing C SOURCE FILE Test CMAKE_HAVE_LIBC_PTHREAD failed with the following output:
Change Dir: /media/wy/7089b057-a6d2-459b-a158-eae994447d5b/MA/ros2_ws/build/imu_echo/CMakeFiles/CMakeTmp

Run Build Command(s):/usr/bin/make cmTC_6167d/fast && make[1]: Entering directory '/media/wy/7089b057-a6d2-459b-a158-eae994447d5b/MA/ros2_ws/build/imu_echo/CMakeFiles/CMakeTmp'
/usr/bin/make -f CMakeFiles/cmTC_6167d.dir/build.make CMakeFiles/cmTC_6167d.dir/build
make[2]: Entering directory '/media/wy/7089b057-a6d2-459b-a158-eae994447d5b/MA/ros2_ws/build/imu_echo/CMakeFiles/CMakeTmp'
Building C object CMakeFiles/cmTC_6167d.dir/src.c.o
/usr/bin/cc   -DCMAKE_HAVE_LIBC_PTHREAD   -o CMakeFiles/cmTC_6167d.dir/src.c.o   -c /media/wy/7089b057-a6d2-459b-a158-eae994447d5b/MA/ros2_ws/build/imu_echo/CMakeFiles/CMakeTmp/src.c
Linking C executable cmTC_6167d
/usr/bin/cmake -E cmake_link_script CMakeFiles/cmTC_6167d.dir/link.txt --verbose=1
/usr/bin/cc  -DCMAKE_HAVE_LIBC_PTHREAD    CMakeFiles/cmTC_6167d.dir/src.c.o  -o cmTC_6167d 
/usr/bin/ld: CMakeFiles/cmTC_6167d.dir/src.c.o: in function `main':
src.c:(.text+0x46): undefined reference to `pthread_create'
/usr/bin/ld: src.c:(.text+0x52): undefined reference to `pthread_detach'
/usr/bin/ld: src.c:(.text+0x63): undefined reference to `pthread_join'
collect2: error: ld returned 1 exit status
make[2]: *** [CMakeFiles/cmTC_6167d.dir/build.make:87: cmTC_6167d] Error 1
make[2]: Leaving directory '/media/wy/7089b057-a6d2-459b-a158-eae994447d5b/MA/ros2_ws/build/imu_echo/CMakeFiles/CMakeTmp'
make[1]: *** [Makefile:121: cmTC_6167d/fast] Error 2
make[1]: Leaving directory '/media/wy/7089b057-a6d2-459b-a158-eae994447d5b/MA/ros2_ws/build/imu_echo/CMakeFiles/CMakeTmp'


Source file was:
#include <pthread.h>

void* test_func(void* data)
{
  return data;
}

int main(void)
{
  pthread_t thread;
  pthread_create(&thread, NULL, test_func, NULL);
  pthread_detach(thread);
  pthread_join(thread, NULL);
  pthread_atfork(NULL, NULL, NULL);
  pthread_exit(NULL);

  return 0;
}

Determining if the function pthread_create exists in the pthreads failed with the following output:
Change Dir: /media/wy/7089b057-a6d2-459b-a158-eae994447d5b/MA/ros2_ws/build/imu_echo/CMakeFiles/CMakeTmp

Run Build Command(s):/usr/bin/make cmTC_b7d69/fast && make[1]: Entering directory '/media/wy/7089b057-a6d2-459b-a158-eae994447d5b/MA/ros2_ws/build/imu_echo/CMakeFiles/CMakeTmp'
/usr/bin/make -f CMakeFiles/cmTC_b7d69.dir/build.make CMakeFiles/cmTC_b7d69.dir/build
make[2]: Entering directory '/media/wy/7089b057-a6d2-459b-a158-eae994447d5b/MA/ros2_ws/build/imu_echo/CMakeFiles/CMakeTmp'
Building C object CMakeFiles/cmTC_b7d69.dir/CheckFunctionExists.c.o
/usr/bin/cc   -DCHECK_FUNCTION_EXISTS=pthread_create   -o CMakeFiles/cmTC_b7d69.dir/CheckFunctionExists.c.o   -c /usr/share/cmake-3.16/Modules/CheckFunctionExists.c
Linking C executable cmTC_b7d69
/usr/bin/cmake -E cmake_link_script CMakeFiles/cmTC_b7d69.dir/link.txt --verbose=1
/usr/bin/cc  -DCHECK_FUNCTION_EXISTS=pthread_create    CMakeFiles/cmTC_b7d69.dir/CheckFunctionExists.c.o  -o cmTC_b7d69  -lpthreads 
/usr/bin/ld: cannot find -lpthreads
collect2: error: ld returned 1 exit status
make[2]: *** [CMakeFiles/cmTC_b7d69.dir/build.make:87: cmTC_b7d69] Error 1
make[2]: Leaving directory '/media/wy/7089b057-a6d2-459b-a158-eae994447d5b/MA/ros2_ws/build/imu_echo/CMakeFiles/CMakeTmp'
make[1]: *** [Makefile:121: cmTC_b7d69/fast] Error 2
make[1]: Leaving directory '/media/wy/7089b057-a6d2-459b-a158-eae994447d5b/MA/ros2_ws/build/imu_echo/CMakeFiles/CMakeTmp'



