[0.015s] Invoking command in '/media/wy/7089b057-a6d2-459b-a158-eae994447d5b/MA/ros2_ws/build/imu_echo': CMAKE_PREFIX_PATH=/opt/ros/foxy /usr/bin/cmake --build /media/wy/7089b057-a6d2-459b-a158-eae994447d5b/MA/ros2_ws/build/imu_echo -- -j1 -l1
[0.100s] [35m[1mScanning dependencies of target imu_echo[0m
[0.128s] [ 50%] [32mBuilding CXX object CMakeFiles/imu_echo.dir/src/imu_echo.cpp.o[0m
[1.470s] [01m[K/media/wy/7089b057-a6d2-459b-a158-eae994447d5b/MA/ros2_ws/src/imu_echo/src/imu_echo.cpp:[m[K In member function ‘[01m[Kvoid IMU_echo2txt::topic_callback(sensor_msgs::msg::Imu_<std::allocator<void> >::SharedPtr) const[m[K’:
[1.470s] [01m[K/media/wy/7089b057-a6d2-459b-a158-eae994447d5b/MA/ros2_ws/src/imu_echo/src/imu_echo.cpp:30:31:[m[K [01;31m[Kerror: [m[K‘[01m[Kconst SharedPtr[m[K’ {aka ‘[01m[Kconst class std::shared_ptr<sensor_msgs::msg::Imu_<std::allocator<void> > >[m[K’} has no member named ‘[01m[Kheader[m[K’
[1.470s]    30 |         loop_path_file << msg.[01;31m[Kheader[m[K.stamp * 1e9 << ",";
[1.470s]       |                               [01;31m[K^~~~~~[m[K
[1.470s] [01m[K/media/wy/7089b057-a6d2-459b-a158-eae994447d5b/MA/ros2_ws/src/imu_echo/src/imu_echo.cpp:32:32:[m[K [01;31m[Kerror: [m[K‘[01m[Kconst SharedPtr[m[K’ {aka ‘[01m[Kconst class std::shared_ptr<sensor_msgs::msg::Imu_<std::allocator<void> > >[m[K’} has no member named ‘[01m[Kdata[m[K’
[1.470s]    32 |         loop_path_file  << msg.[01;31m[Kdata[m[K.angular_velocity.x << ","
[1.470s]       |                                [01;31m[K^~~~[m[K
[1.471s] [01m[K/media/wy/7089b057-a6d2-459b-a158-eae994447d5b/MA/ros2_ws/src/imu_echo/src/imu_echo.cpp:33:22:[m[K [01;31m[Kerror: [m[K‘[01m[Kconst SharedPtr[m[K’ {aka ‘[01m[Kconst class std::shared_ptr<sensor_msgs::msg::Imu_<std::allocator<void> > >[m[K’} has no member named ‘[01m[Kangular_velocity[m[K’
[1.471s]    33 |               << msg.[01;31m[Kangular_velocity[m[K.y << ","
[1.471s]       |                      [01;31m[K^~~~~~~~~~~~~~~~[m[K
[1.471s] [01m[K/media/wy/7089b057-a6d2-459b-a158-eae994447d5b/MA/ros2_ws/src/imu_echo/src/imu_echo.cpp:34:22:[m[K [01;31m[Kerror: [m[K‘[01m[Kconst SharedPtr[m[K’ {aka ‘[01m[Kconst class std::shared_ptr<sensor_msgs::msg::Imu_<std::allocator<void> > >[m[K’} has no member named ‘[01m[Kangular_velocity[m[K’
[1.471s]    34 |               << msg.[01;31m[Kangular_velocity[m[K.z << ","
[1.471s]       |                      [01;31m[K^~~~~~~~~~~~~~~~[m[K
[1.476s] [01m[K/media/wy/7089b057-a6d2-459b-a158-eae994447d5b/MA/ros2_ws/src/imu_echo/src/imu_echo.cpp:36:18:[m[K [01;31m[Kerror: [m[K‘[01m[Klinear_acceleration[m[K’ was not declared in this scope
[1.476s]    36 |               << [01;31m[Klinear_acceleration[m[K.x << ","
[1.477s]       |                  [01;31m[K^~~~~~~~~~~~~~~~~~~[m[K
[3.081s] make[2]: *** [CMakeFiles/imu_echo.dir/build.make:63: CMakeFiles/imu_echo.dir/src/imu_echo.cpp.o] Error 1
[3.084s] make[1]: *** [CMakeFiles/Makefile2:78: CMakeFiles/imu_echo.dir/all] Error 2
[3.084s] make: *** [Makefile:141: all] Error 2
[3.085s] Invoked command in '/media/wy/7089b057-a6d2-459b-a158-eae994447d5b/MA/ros2_ws/build/imu_echo' returned '2': CMAKE_PREFIX_PATH=/opt/ros/foxy /usr/bin/cmake --build /media/wy/7089b057-a6d2-459b-a158-eae994447d5b/MA/ros2_ws/build/imu_echo -- -j1 -l1
