[0.115s] DEBUG:colcon:Command line arguments: ['/usr/bin/colcon', 'build']
[0.115s] DEBUG:colcon:Parsed command line arguments: Namespace(allow_overriding=[], ament_cmake_args=None, base_paths=['.'], build_base='build', catkin_cmake_args=None, catkin_skip_building_tests=False, cmake_args=None, cmake_clean_cache=False, cmake_clean_first=False, cmake_force_configure=False, cmake_target=None, cmake_target_skip_unavailable=False, continue_on_error=False, event_handlers=None, executor='parallel', ignore_user_meta=False, install_base='install', log_base=None, log_level=None, main=<bound method BuildVerb.main of <colcon_core.verb.build.BuildVerb object at 0x7f57a2bd73d0>>, merge_install=False, metas=['./colcon.meta'], packages_above=None, packages_above_and_dependencies=None, packages_above_depth=None, packages_end=None, packages_ignore=None, packages_ignore_regex=None, packages_select=None, packages_select_build_failed=False, packages_select_by_dep=None, packages_select_regex=None, packages_select_test_failures=False, packages_skip=None, packages_skip_build_finished=False, packages_skip_by_dep=None, packages_skip_regex=None, packages_skip_test_passed=False, packages_skip_up_to=None, packages_start=None, packages_up_to=None, packages_up_to_regex=None, parallel_workers=1, paths=None, symlink_install=False, test_result_base=None, verb_extension=<colcon_core.verb.build.BuildVerb object at 0x7f57a2bd73d0>, verb_name='build', verb_parser=<colcon_defaults.argument_parser.defaults.DefaultArgumentsDecorator object at 0x7f57a2bd7910>)
[0.135s] Level 1:colcon.colcon_core.package_discovery:discover_packages(colcon_meta) check parameters
[0.136s] Level 1:colcon.colcon_core.package_discovery:discover_packages(recursive) check parameters
[0.136s] Level 1:colcon.colcon_core.package_discovery:discover_packages(ignore) check parameters
[0.136s] Level 1:colcon.colcon_core.package_discovery:discover_packages(path) check parameters
[0.136s] Level 1:colcon.colcon_core.package_discovery:discover_packages(colcon_meta) discover
[0.136s] Level 1:colcon.colcon_core.package_discovery:discover_packages(recursive) discover
[0.136s] INFO:colcon.colcon_core.package_discovery:Crawling recursively for packages in '/media/wy/7089b057-a6d2-459b-a158-eae994447d5b/MA/ros2_ws'
[0.136s] Level 1:colcon.colcon_core.package_identification:_identify(.) by extensions ['ignore', 'ignore_ament_install']
[0.136s] Level 1:colcon.colcon_core.package_identification:_identify(.) by extension 'ignore'
[0.136s] Level 1:colcon.colcon_core.package_identification:_identify(.) by extension 'ignore_ament_install'
[0.136s] Level 1:colcon.colcon_core.package_identification:_identify(.) by extensions ['colcon_pkg']
[0.136s] Level 1:colcon.colcon_core.package_identification:_identify(.) by extension 'colcon_pkg'
[0.136s] Level 1:colcon.colcon_core.package_identification:_identify(.) by extensions ['colcon_meta']
[0.136s] Level 1:colcon.colcon_core.package_identification:_identify(.) by extension 'colcon_meta'
[0.136s] Level 1:colcon.colcon_core.package_identification:_identify(.) by extensions ['ros']
[0.136s] Level 1:colcon.colcon_core.package_identification:_identify(.) by extension 'ros'
[0.146s] Level 1:colcon.colcon_core.package_identification:_identify(.) by extensions ['cmake', 'python']
[0.146s] Level 1:colcon.colcon_core.package_identification:_identify(.) by extension 'cmake'
[0.146s] Level 1:colcon.colcon_core.package_identification:_identify(.) by extension 'python'
[0.146s] Level 1:colcon.colcon_core.package_identification:_identify(.) by extensions ['python_setup_py']
[0.146s] Level 1:colcon.colcon_core.package_identification:_identify(.) by extension 'python_setup_py'
[0.146s] Level 1:colcon.colcon_core.package_identification:_identify(build) by extensions ['ignore', 'ignore_ament_install']
[0.146s] Level 1:colcon.colcon_core.package_identification:_identify(build) by extension 'ignore'
[0.146s] Level 1:colcon.colcon_core.package_identification:_identify(build) ignored
[0.146s] Level 1:colcon.colcon_core.package_identification:_identify(install) by extensions ['ignore', 'ignore_ament_install']
[0.146s] Level 1:colcon.colcon_core.package_identification:_identify(install) by extension 'ignore'
[0.146s] Level 1:colcon.colcon_core.package_identification:_identify(install) ignored
[0.147s] Level 1:colcon.colcon_core.package_identification:_identify(log) by extensions ['ignore', 'ignore_ament_install']
[0.147s] Level 1:colcon.colcon_core.package_identification:_identify(log) by extension 'ignore'
[0.147s] Level 1:colcon.colcon_core.package_identification:_identify(log) ignored
[0.147s] Level 1:colcon.colcon_core.package_identification:_identify(src) by extensions ['ignore', 'ignore_ament_install']
[0.147s] Level 1:colcon.colcon_core.package_identification:_identify(src) by extension 'ignore'
[0.147s] Level 1:colcon.colcon_core.package_identification:_identify(src) by extension 'ignore_ament_install'
[0.147s] Level 1:colcon.colcon_core.package_identification:_identify(src) by extensions ['colcon_pkg']
[0.147s] Level 1:colcon.colcon_core.package_identification:_identify(src) by extension 'colcon_pkg'
[0.147s] Level 1:colcon.colcon_core.package_identification:_identify(src) by extensions ['colcon_meta']
[0.147s] Level 1:colcon.colcon_core.package_identification:_identify(src) by extension 'colcon_meta'
[0.147s] Level 1:colcon.colcon_core.package_identification:_identify(src) by extensions ['ros']
[0.147s] Level 1:colcon.colcon_core.package_identification:_identify(src) by extension 'ros'
[0.147s] Level 1:colcon.colcon_core.package_identification:_identify(src) by extensions ['cmake', 'python']
[0.147s] Level 1:colcon.colcon_core.package_identification:_identify(src) by extension 'cmake'
[0.147s] Level 1:colcon.colcon_core.package_identification:_identify(src) by extension 'python'
[0.147s] Level 1:colcon.colcon_core.package_identification:_identify(src) by extensions ['python_setup_py']
[0.147s] Level 1:colcon.colcon_core.package_identification:_identify(src) by extension 'python_setup_py'
[0.147s] Level 1:colcon.colcon_core.package_identification:_identify(src/ros_tutorials) by extensions ['ignore', 'ignore_ament_install']
[0.147s] Level 1:colcon.colcon_core.package_identification:_identify(src/ros_tutorials) by extension 'ignore'
[0.148s] Level 1:colcon.colcon_core.package_identification:_identify(src/ros_tutorials) by extension 'ignore_ament_install'
[0.148s] Level 1:colcon.colcon_core.package_identification:_identify(src/ros_tutorials) by extensions ['colcon_pkg']
[0.148s] Level 1:colcon.colcon_core.package_identification:_identify(src/ros_tutorials) by extension 'colcon_pkg'
[0.148s] Level 1:colcon.colcon_core.package_identification:_identify(src/ros_tutorials) by extensions ['colcon_meta']
[0.148s] Level 1:colcon.colcon_core.package_identification:_identify(src/ros_tutorials) by extension 'colcon_meta'
[0.148s] Level 1:colcon.colcon_core.package_identification:_identify(src/ros_tutorials) by extensions ['ros']
[0.148s] Level 1:colcon.colcon_core.package_identification:_identify(src/ros_tutorials) by extension 'ros'
[0.148s] Level 1:colcon.colcon_core.package_identification:_identify(src/ros_tutorials) by extensions ['cmake', 'python']
[0.148s] Level 1:colcon.colcon_core.package_identification:_identify(src/ros_tutorials) by extension 'cmake'
[0.148s] Level 1:colcon.colcon_core.package_identification:_identify(src/ros_tutorials) by extension 'python'
[0.148s] Level 1:colcon.colcon_core.package_identification:_identify(src/ros_tutorials) by extensions ['python_setup_py']
[0.148s] Level 1:colcon.colcon_core.package_identification:_identify(src/ros_tutorials) by extension 'python_setup_py'
[0.148s] Level 1:colcon.colcon_core.package_identification:_identify(src/ros_tutorials/ros_tutorials) by extensions ['ignore', 'ignore_ament_install']
[0.148s] Level 1:colcon.colcon_core.package_identification:_identify(src/ros_tutorials/ros_tutorials) by extension 'ignore'
[0.148s] Level 1:colcon.colcon_core.package_identification:_identify(src/ros_tutorials/ros_tutorials) ignored
[0.148s] Level 1:colcon.colcon_core.package_identification:_identify(src/ros_tutorials/roscpp_tutorials) by extensions ['ignore', 'ignore_ament_install']
[0.148s] Level 1:colcon.colcon_core.package_identification:_identify(src/ros_tutorials/roscpp_tutorials) by extension 'ignore'
[0.148s] Level 1:colcon.colcon_core.package_identification:_identify(src/ros_tutorials/roscpp_tutorials) ignored
[0.148s] Level 1:colcon.colcon_core.package_identification:_identify(src/ros_tutorials/rospy_tutorials) by extensions ['ignore', 'ignore_ament_install']
[0.149s] Level 1:colcon.colcon_core.package_identification:_identify(src/ros_tutorials/rospy_tutorials) by extension 'ignore'
[0.149s] Level 1:colcon.colcon_core.package_identification:_identify(src/ros_tutorials/rospy_tutorials) ignored
[0.149s] Level 1:colcon.colcon_core.package_identification:_identify(src/ros_tutorials/turtlesim) by extensions ['ignore', 'ignore_ament_install']
[0.149s] Level 1:colcon.colcon_core.package_identification:_identify(src/ros_tutorials/turtlesim) by extension 'ignore'
[0.149s] Level 1:colcon.colcon_core.package_identification:_identify(src/ros_tutorials/turtlesim) by extension 'ignore_ament_install'
[0.149s] Level 1:colcon.colcon_core.package_identification:_identify(src/ros_tutorials/turtlesim) by extensions ['colcon_pkg']
[0.149s] Level 1:colcon.colcon_core.package_identification:_identify(src/ros_tutorials/turtlesim) by extension 'colcon_pkg'
[0.149s] Level 1:colcon.colcon_core.package_identification:_identify(src/ros_tutorials/turtlesim) by extensions ['colcon_meta']
[0.149s] Level 1:colcon.colcon_core.package_identification:_identify(src/ros_tutorials/turtlesim) by extension 'colcon_meta'
[0.149s] Level 1:colcon.colcon_core.package_identification:_identify(src/ros_tutorials/turtlesim) by extensions ['ros']
[0.149s] Level 1:colcon.colcon_core.package_identification:_identify(src/ros_tutorials/turtlesim) by extension 'ros'
[0.152s] DEBUG:colcon.colcon_core.package_identification:Package 'src/ros_tutorials/turtlesim' with type 'ros.ament_cmake' and name 'turtlesim'
[0.152s] Level 1:colcon.colcon_core.package_discovery:discover_packages(recursive) using defaults
[0.152s] Level 1:colcon.colcon_core.package_discovery:discover_packages(ignore) discover
[0.152s] Level 1:colcon.colcon_core.package_discovery:discover_packages(ignore) using defaults
[0.152s] Level 1:colcon.colcon_core.package_discovery:discover_packages(path) discover
[0.152s] Level 1:colcon.colcon_core.package_discovery:discover_packages(path) using defaults
[0.168s] Level 1:colcon.colcon_core.package_discovery:discover_packages(prefix_path) check parameters
[0.168s] Level 1:colcon.colcon_core.package_discovery:discover_packages(prefix_path) discover
[0.169s] Level 1:colcon.colcon_core.package_discovery:discover_packages(prefix_path) using defaults
[0.170s] Level 5:colcon.colcon_core.verb:set package 'turtlesim' build argument 'cmake_args' from command line to 'None'
[0.170s] Level 5:colcon.colcon_core.verb:set package 'turtlesim' build argument 'cmake_target' from command line to 'None'
[0.171s] Level 5:colcon.colcon_core.verb:set package 'turtlesim' build argument 'cmake_target_skip_unavailable' from command line to 'False'
[0.171s] Level 5:colcon.colcon_core.verb:set package 'turtlesim' build argument 'cmake_clean_cache' from command line to 'False'
[0.171s] Level 5:colcon.colcon_core.verb:set package 'turtlesim' build argument 'cmake_clean_first' from command line to 'False'
[0.171s] Level 5:colcon.colcon_core.verb:set package 'turtlesim' build argument 'cmake_force_configure' from command line to 'False'
[0.171s] Level 5:colcon.colcon_core.verb:set package 'turtlesim' build argument 'ament_cmake_args' from command line to 'None'
[0.171s] Level 5:colcon.colcon_core.verb:set package 'turtlesim' build argument 'catkin_cmake_args' from command line to 'None'
[0.171s] Level 5:colcon.colcon_core.verb:set package 'turtlesim' build argument 'catkin_skip_building_tests' from command line to 'False'
[0.171s] DEBUG:colcon.colcon_core.verb:Building package 'turtlesim' with the following arguments: {'ament_cmake_args': None, 'build_base': '/media/wy/7089b057-a6d2-459b-a158-eae994447d5b/MA/ros2_ws/build/turtlesim', 'catkin_cmake_args': None, 'catkin_skip_building_tests': False, 'cmake_args': None, 'cmake_clean_cache': False, 'cmake_clean_first': False, 'cmake_force_configure': False, 'cmake_target': None, 'cmake_target_skip_unavailable': False, 'install_base': '/media/wy/7089b057-a6d2-459b-a158-eae994447d5b/MA/ros2_ws/install/turtlesim', 'merge_install': False, 'path': '/media/wy/7089b057-a6d2-459b-a158-eae994447d5b/MA/ros2_ws/src/ros_tutorials/turtlesim', 'symlink_install': False, 'test_result_base': None}
[0.171s] INFO:colcon.colcon_core.executor:Executing jobs using 'parallel' executor
[0.172s] DEBUG:colcon.colcon_parallel_executor.executor.parallel:run_until_complete
[0.173s] INFO:colcon.colcon_ros.task.ament_cmake.build:Building ROS package in '/media/wy/7089b057-a6d2-459b-a158-eae994447d5b/MA/ros2_ws/src/ros_tutorials/turtlesim' with build type 'ament_cmake'
[0.173s] INFO:colcon.colcon_cmake.task.cmake.build:Building CMake package in '/media/wy/7089b057-a6d2-459b-a158-eae994447d5b/MA/ros2_ws/src/ros_tutorials/turtlesim'
[0.176s] INFO:colcon.colcon_core.plugin_system:Skipping extension 'colcon_core.shell.bat': Not used on non-Windows systems
[0.176s] INFO:colcon.colcon_core.shell:Skip shell extension 'powershell' for command environment: Not usable outside of PowerShell
[0.176s] DEBUG:colcon.colcon_core.shell:Skip shell extension 'dsv' for command environment
[0.184s] DEBUG:colcon.colcon_core.event_handler.log_command:Invoking command in '/media/wy/7089b057-a6d2-459b-a158-eae994447d5b/MA/ros2_ws/build/turtlesim': /usr/bin/cmake --build /media/wy/7089b057-a6d2-459b-a158-eae994447d5b/MA/ros2_ws/build/turtlesim -- -j1 -l1
[9.950s] DEBUG:colcon.colcon_core.event_handler.log_command:Invoked command in '/media/wy/7089b057-a6d2-459b-a158-eae994447d5b/MA/ros2_ws/build/turtlesim' returned '0': /usr/bin/cmake --build /media/wy/7089b057-a6d2-459b-a158-eae994447d5b/MA/ros2_ws/build/turtlesim -- -j1 -l1
[10.118s] DEBUG:colcon.colcon_core.event_handler.log_command:Invoking command in '/media/wy/7089b057-a6d2-459b-a158-eae994447d5b/MA/ros2_ws/build/turtlesim': /usr/bin/cmake --install /media/wy/7089b057-a6d2-459b-a158-eae994447d5b/MA/ros2_ws/build/turtlesim
[10.226s] Level 1:colcon.colcon_core.environment:create_environment_scripts_only(turtlesim)
[10.228s] DEBUG:colcon.colcon_core.event_handler.log_command:Invoked command in '/media/wy/7089b057-a6d2-459b-a158-eae994447d5b/MA/ros2_ws/build/turtlesim' returned '0': /usr/bin/cmake --install /media/wy/7089b057-a6d2-459b-a158-eae994447d5b/MA/ros2_ws/build/turtlesim
[10.230s] Level 1:colcon.colcon_core.environment:checking '/media/wy/7089b057-a6d2-459b-a158-eae994447d5b/MA/ros2_ws/install/turtlesim' for CMake module files
[10.230s] Level 1:colcon.colcon_core.environment:checking '/media/wy/7089b057-a6d2-459b-a158-eae994447d5b/MA/ros2_ws/install/turtlesim' for CMake config files
[10.231s] Level 1:colcon.colcon_core.shell:create_environment_hook('turtlesim', 'cmake_prefix_path')
[10.231s] INFO:colcon.colcon_core.shell:Creating environment hook '/media/wy/7089b057-a6d2-459b-a158-eae994447d5b/MA/ros2_ws/install/turtlesim/share/turtlesim/hook/cmake_prefix_path.ps1'
[10.232s] INFO:colcon.colcon_core.shell:Creating environment descriptor '/media/wy/7089b057-a6d2-459b-a158-eae994447d5b/MA/ros2_ws/install/turtlesim/share/turtlesim/hook/cmake_prefix_path.dsv'
[10.232s] INFO:colcon.colcon_core.shell:Creating environment hook '/media/wy/7089b057-a6d2-459b-a158-eae994447d5b/MA/ros2_ws/install/turtlesim/share/turtlesim/hook/cmake_prefix_path.sh'
[10.233s] Level 1:colcon.colcon_core.environment:checking '/media/wy/7089b057-a6d2-459b-a158-eae994447d5b/MA/ros2_ws/install/turtlesim/lib'
[10.233s] Level 1:colcon.colcon_core.shell:create_environment_hook('turtlesim', 'ld_library_path_lib')
[10.234s] INFO:colcon.colcon_core.shell:Creating environment hook '/media/wy/7089b057-a6d2-459b-a158-eae994447d5b/MA/ros2_ws/install/turtlesim/share/turtlesim/hook/ld_library_path_lib.ps1'
[10.234s] INFO:colcon.colcon_core.shell:Creating environment descriptor '/media/wy/7089b057-a6d2-459b-a158-eae994447d5b/MA/ros2_ws/install/turtlesim/share/turtlesim/hook/ld_library_path_lib.dsv'
[10.234s] INFO:colcon.colcon_core.shell:Creating environment hook '/media/wy/7089b057-a6d2-459b-a158-eae994447d5b/MA/ros2_ws/install/turtlesim/share/turtlesim/hook/ld_library_path_lib.sh'
[10.235s] Level 1:colcon.colcon_core.environment:checking '/media/wy/7089b057-a6d2-459b-a158-eae994447d5b/MA/ros2_ws/install/turtlesim/bin'
[10.235s] Level 1:colcon.colcon_core.environment:checking '/media/wy/7089b057-a6d2-459b-a158-eae994447d5b/MA/ros2_ws/install/turtlesim/lib/pkgconfig/turtlesim.pc'
[10.236s] Level 1:colcon.colcon_core.environment:checking '/media/wy/7089b057-a6d2-459b-a158-eae994447d5b/MA/ros2_ws/install/turtlesim/lib/python3.8/site-packages'
[10.236s] Level 1:colcon.colcon_core.shell:create_environment_hook('turtlesim', 'pythonpath')
[10.236s] INFO:colcon.colcon_core.shell:Creating environment hook '/media/wy/7089b057-a6d2-459b-a158-eae994447d5b/MA/ros2_ws/install/turtlesim/share/turtlesim/hook/pythonpath.ps1'
[10.236s] INFO:colcon.colcon_core.shell:Creating environment descriptor '/media/wy/7089b057-a6d2-459b-a158-eae994447d5b/MA/ros2_ws/install/turtlesim/share/turtlesim/hook/pythonpath.dsv'
[10.237s] INFO:colcon.colcon_core.shell:Creating environment hook '/media/wy/7089b057-a6d2-459b-a158-eae994447d5b/MA/ros2_ws/install/turtlesim/share/turtlesim/hook/pythonpath.sh'
[10.237s] Level 1:colcon.colcon_core.environment:checking '/media/wy/7089b057-a6d2-459b-a158-eae994447d5b/MA/ros2_ws/install/turtlesim/bin'
[10.238s] INFO:colcon.colcon_core.shell:Creating package script '/media/wy/7089b057-a6d2-459b-a158-eae994447d5b/MA/ros2_ws/install/turtlesim/share/turtlesim/package.ps1'
[10.239s] INFO:colcon.colcon_core.shell:Creating package descriptor '/media/wy/7089b057-a6d2-459b-a158-eae994447d5b/MA/ros2_ws/install/turtlesim/share/turtlesim/package.dsv'
[10.239s] INFO:colcon.colcon_core.shell:Creating package script '/media/wy/7089b057-a6d2-459b-a158-eae994447d5b/MA/ros2_ws/install/turtlesim/share/turtlesim/package.sh'
[10.240s] INFO:colcon.colcon_core.shell:Creating package script '/media/wy/7089b057-a6d2-459b-a158-eae994447d5b/MA/ros2_ws/install/turtlesim/share/turtlesim/package.bash'
[10.241s] INFO:colcon.colcon_core.shell:Creating package script '/media/wy/7089b057-a6d2-459b-a158-eae994447d5b/MA/ros2_ws/install/turtlesim/share/turtlesim/package.zsh'
[10.241s] Level 1:colcon.colcon_core.environment:create_file_with_runtime_dependencies(/media/wy/7089b057-a6d2-459b-a158-eae994447d5b/MA/ros2_ws/install/turtlesim/share/colcon-core/packages/turtlesim)
[10.380s] Level 1:colcon.colcon_core.environment:create_environment_scripts_only(turtlesim)
[10.381s] Level 1:colcon.colcon_core.environment:checking '/media/wy/7089b057-a6d2-459b-a158-eae994447d5b/MA/ros2_ws/install/turtlesim' for CMake module files
[10.381s] Level 1:colcon.colcon_core.environment:checking '/media/wy/7089b057-a6d2-459b-a158-eae994447d5b/MA/ros2_ws/install/turtlesim' for CMake config files
[10.382s] Level 1:colcon.colcon_core.shell:create_environment_hook('turtlesim', 'cmake_prefix_path')
[10.382s] INFO:colcon.colcon_core.shell:Creating environment hook '/media/wy/7089b057-a6d2-459b-a158-eae994447d5b/MA/ros2_ws/install/turtlesim/share/turtlesim/hook/cmake_prefix_path.ps1'
[10.383s] INFO:colcon.colcon_core.shell:Creating environment descriptor '/media/wy/7089b057-a6d2-459b-a158-eae994447d5b/MA/ros2_ws/install/turtlesim/share/turtlesim/hook/cmake_prefix_path.dsv'
[10.383s] INFO:colcon.colcon_core.shell:Creating environment hook '/media/wy/7089b057-a6d2-459b-a158-eae994447d5b/MA/ros2_ws/install/turtlesim/share/turtlesim/hook/cmake_prefix_path.sh'
[10.384s] Level 1:colcon.colcon_core.environment:checking '/media/wy/7089b057-a6d2-459b-a158-eae994447d5b/MA/ros2_ws/install/turtlesim/lib'
[10.384s] Level 1:colcon.colcon_core.shell:create_environment_hook('turtlesim', 'ld_library_path_lib')
[10.384s] INFO:colcon.colcon_core.shell:Creating environment hook '/media/wy/7089b057-a6d2-459b-a158-eae994447d5b/MA/ros2_ws/install/turtlesim/share/turtlesim/hook/ld_library_path_lib.ps1'
[10.384s] INFO:colcon.colcon_core.shell:Creating environment descriptor '/media/wy/7089b057-a6d2-459b-a158-eae994447d5b/MA/ros2_ws/install/turtlesim/share/turtlesim/hook/ld_library_path_lib.dsv'
[10.385s] INFO:colcon.colcon_core.shell:Creating environment hook '/media/wy/7089b057-a6d2-459b-a158-eae994447d5b/MA/ros2_ws/install/turtlesim/share/turtlesim/hook/ld_library_path_lib.sh'
[10.385s] Level 1:colcon.colcon_core.environment:checking '/media/wy/7089b057-a6d2-459b-a158-eae994447d5b/MA/ros2_ws/install/turtlesim/bin'
[10.385s] Level 1:colcon.colcon_core.environment:checking '/media/wy/7089b057-a6d2-459b-a158-eae994447d5b/MA/ros2_ws/install/turtlesim/lib/pkgconfig/turtlesim.pc'
[10.386s] Level 1:colcon.colcon_core.environment:checking '/media/wy/7089b057-a6d2-459b-a158-eae994447d5b/MA/ros2_ws/install/turtlesim/lib/python3.8/site-packages'
[10.386s] Level 1:colcon.colcon_core.shell:create_environment_hook('turtlesim', 'pythonpath')
[10.386s] INFO:colcon.colcon_core.shell:Creating environment hook '/media/wy/7089b057-a6d2-459b-a158-eae994447d5b/MA/ros2_ws/install/turtlesim/share/turtlesim/hook/pythonpath.ps1'
[10.386s] INFO:colcon.colcon_core.shell:Creating environment descriptor '/media/wy/7089b057-a6d2-459b-a158-eae994447d5b/MA/ros2_ws/install/turtlesim/share/turtlesim/hook/pythonpath.dsv'
[10.387s] INFO:colcon.colcon_core.shell:Creating environment hook '/media/wy/7089b057-a6d2-459b-a158-eae994447d5b/MA/ros2_ws/install/turtlesim/share/turtlesim/hook/pythonpath.sh'
[10.387s] Level 1:colcon.colcon_core.environment:checking '/media/wy/7089b057-a6d2-459b-a158-eae994447d5b/MA/ros2_ws/install/turtlesim/bin'
[10.388s] INFO:colcon.colcon_core.shell:Creating package script '/media/wy/7089b057-a6d2-459b-a158-eae994447d5b/MA/ros2_ws/install/turtlesim/share/turtlesim/package.ps1'
[10.388s] INFO:colcon.colcon_core.shell:Creating package descriptor '/media/wy/7089b057-a6d2-459b-a158-eae994447d5b/MA/ros2_ws/install/turtlesim/share/turtlesim/package.dsv'
[10.389s] INFO:colcon.colcon_core.shell:Creating package script '/media/wy/7089b057-a6d2-459b-a158-eae994447d5b/MA/ros2_ws/install/turtlesim/share/turtlesim/package.sh'
[10.389s] INFO:colcon.colcon_core.shell:Creating package script '/media/wy/7089b057-a6d2-459b-a158-eae994447d5b/MA/ros2_ws/install/turtlesim/share/turtlesim/package.bash'
[10.390s] INFO:colcon.colcon_core.shell:Creating package script '/media/wy/7089b057-a6d2-459b-a158-eae994447d5b/MA/ros2_ws/install/turtlesim/share/turtlesim/package.zsh'
[10.390s] Level 1:colcon.colcon_core.environment:create_file_with_runtime_dependencies(/media/wy/7089b057-a6d2-459b-a158-eae994447d5b/MA/ros2_ws/install/turtlesim/share/colcon-core/packages/turtlesim)
[10.391s] DEBUG:colcon.colcon_parallel_executor.executor.parallel:closing loop
[10.391s] DEBUG:colcon.colcon_parallel_executor.executor.parallel:loop closed
[10.391s] DEBUG:colcon.colcon_parallel_executor.executor.parallel:run_until_complete finished with '0'
[10.391s] DEBUG:colcon.colcon_core.event_reactor:joining thread
[10.396s] INFO:colcon.colcon_core.plugin_system:Skipping extension 'colcon_notification.desktop_notification.terminal_notifier': Not used on non-Darwin systems
[10.396s] INFO:colcon.colcon_core.plugin_system:Skipping extension 'colcon_notification.desktop_notification.win32': Not used on non-Windows systems
[10.396s] INFO:colcon.colcon_notification.desktop_notification:Sending desktop notification using 'notify2'
[10.413s] DEBUG:colcon.colcon_core.event_reactor:joined thread
[10.414s] INFO:colcon.colcon_core.shell:Creating prefix script '/media/wy/7089b057-a6d2-459b-a158-eae994447d5b/MA/ros2_ws/install/local_setup.ps1'
[10.415s] INFO:colcon.colcon_core.shell:Creating prefix util module '/media/wy/7089b057-a6d2-459b-a158-eae994447d5b/MA/ros2_ws/install/_local_setup_util_ps1.py'
[10.416s] INFO:colcon.colcon_core.shell:Creating prefix chain script '/media/wy/7089b057-a6d2-459b-a158-eae994447d5b/MA/ros2_ws/install/setup.ps1'
[10.418s] INFO:colcon.colcon_core.shell:Creating prefix script '/media/wy/7089b057-a6d2-459b-a158-eae994447d5b/MA/ros2_ws/install/local_setup.sh'
[10.422s] INFO:colcon.colcon_core.shell:Creating prefix util module '/media/wy/7089b057-a6d2-459b-a158-eae994447d5b/MA/ros2_ws/install/_local_setup_util_sh.py'
[10.423s] INFO:colcon.colcon_core.shell:Creating prefix chain script '/media/wy/7089b057-a6d2-459b-a158-eae994447d5b/MA/ros2_ws/install/setup.sh'
[10.424s] INFO:colcon.colcon_core.shell:Creating prefix script '/media/wy/7089b057-a6d2-459b-a158-eae994447d5b/MA/ros2_ws/install/local_setup.bash'
[10.428s] INFO:colcon.colcon_core.shell:Creating prefix chain script '/media/wy/7089b057-a6d2-459b-a158-eae994447d5b/MA/ros2_ws/install/setup.bash'
[10.433s] INFO:colcon.colcon_core.shell:Creating prefix script '/media/wy/7089b057-a6d2-459b-a158-eae994447d5b/MA/ros2_ws/install/local_setup.zsh'
[10.434s] INFO:colcon.colcon_core.shell:Creating prefix chain script '/media/wy/7089b057-a6d2-459b-a158-eae994447d5b/MA/ros2_ws/install/setup.zsh'
