[0.010s] Invoking command in '/media/wy/7089b057-a6d2-459b-a158-eae994447d5b/MA/ros2_ws/build/imu_echo': CMAKE_PREFIX_PATH=/opt/ros/foxy /usr/bin/cmake --build /media/wy/7089b057-a6d2-459b-a158-eae994447d5b/MA/ros2_ws/build/imu_echo -- -j1 -l1
[0.104s] [35m[1mScanning dependencies of target imu_echo[0m
[0.131s] [ 50%] [32mBuilding CXX object CMakeFiles/imu_echo.dir/src/imu_echo.cpp.o[0m
[1.435s] [01m[K/media/wy/7089b057-a6d2-459b-a158-eae994447d5b/MA/ros2_ws/src/imu_echo/src/imu_echo.cpp:44:39:[m[K [01;31m[Kerror: [m[K‘[01m[KImu[m[K’ is not a member of ‘[01m[Kstd_msgs::msg[m[K’; did you mean ‘[01m[Ksensor_msgs::msg::Imu[m[K’?
[1.436s]    44 |   rclcpp::Subscription<std_msgs::msg::[01;31m[KImu[m[K>::SharedPtr subscription_;
[1.436s]       |                                       [01;31m[K^~~[m[K
[1.436s] In file included from [01m[K/opt/ros/foxy/include/sensor_msgs/msg/imu.hpp:7[m[K,
[1.436s]                  from [01m[K/media/wy/7089b057-a6d2-459b-a158-eae994447d5b/MA/ros2_ws/src/imu_echo/src/imu_echo.cpp:8[m[K:
[1.436s] [01m[K/opt/ros/foxy/include/sensor_msgs/msg/detail/imu__struct.hpp:216:7:[m[K [01;36m[Knote: [m[K‘[01m[Ksensor_msgs::msg::Imu[m[K’ declared here
[1.436s]   216 | using [01;36m[KImu[m[K =
[1.436s]       |       [01;36m[K^~~[m[K
[1.437s] [01m[K/media/wy/7089b057-a6d2-459b-a158-eae994447d5b/MA/ros2_ws/src/imu_echo/src/imu_echo.cpp:44:39:[m[K [01;31m[Kerror: [m[K‘[01m[KImu[m[K’ is not a member of ‘[01m[Kstd_msgs::msg[m[K’; did you mean ‘[01m[Ksensor_msgs::msg::Imu[m[K’?
[1.437s]    44 |   rclcpp::Subscription<std_msgs::msg::[01;31m[KImu[m[K>::SharedPtr subscription_;
[1.437s]       |                                       [01;31m[K^~~[m[K
[1.438s] In file included from [01m[K/opt/ros/foxy/include/sensor_msgs/msg/imu.hpp:7[m[K,
[1.438s]                  from [01m[K/media/wy/7089b057-a6d2-459b-a158-eae994447d5b/MA/ros2_ws/src/imu_echo/src/imu_echo.cpp:8[m[K:
[1.438s] [01m[K/opt/ros/foxy/include/sensor_msgs/msg/detail/imu__struct.hpp:216:7:[m[K [01;36m[Knote: [m[K‘[01m[Ksensor_msgs::msg::Imu[m[K’ declared here
[1.438s]   216 | using [01;36m[KImu[m[K =
[1.438s]       |       [01;36m[K^~~[m[K
[1.438s] [01m[K/media/wy/7089b057-a6d2-459b-a158-eae994447d5b/MA/ros2_ws/src/imu_echo/src/imu_echo.cpp:44:42:[m[K [01;31m[Kerror: [m[Ktemplate argument 1 is invalid
[1.438s]    44 |   rclcpp::Subscription<std_msgs::msg::Imu[01;31m[K>[m[K::SharedPtr subscription_;
[1.438s]       |                                          [01;31m[K^[m[K
[1.438s] [01m[K/media/wy/7089b057-a6d2-459b-a158-eae994447d5b/MA/ros2_ws/src/imu_echo/src/imu_echo.cpp:44:42:[m[K [01;31m[Kerror: [m[Ktemplate argument 3 is invalid
[1.439s] [01m[K/media/wy/7089b057-a6d2-459b-a158-eae994447d5b/MA/ros2_ws/src/imu_echo/src/imu_echo.cpp:44:45:[m[K [01;31m[Kerror: [m[Kexpected ‘[01m[K;[m[K’ at end of member declaration
[1.439s]    44 |   rclcpp::Subscription<std_msgs::msg::Imu>::[01;31m[KSharedPtr[m[K subscription_;
[1.439s]       |                                             [01;31m[K^~~~~~~~~[m[K
[1.439s]       |                                                      [32m[K;[m[K
[1.442s] [01m[K/media/wy/7089b057-a6d2-459b-a158-eae994447d5b/MA/ros2_ws/src/imu_echo/src/imu_echo.cpp:44:55:[m[K [01;31m[Kerror: [m[K‘[01m[Ksubscription_[m[K’ does not name a type; did you mean ‘[01m[Krcl_subscription_t[m[K’?
[1.442s]    44 |   rclcpp::Subscription<std_msgs::msg::Imu>::SharedPtr [01;31m[Ksubscription_[m[K;
[1.442s]       |                                                       [01;31m[K^~~~~~~~~~~~~[m[K
[1.442s]       |                                                       [32m[Krcl_subscription_t[m[K
[1.445s] [01m[K/media/wy/7089b057-a6d2-459b-a158-eae994447d5b/MA/ros2_ws/src/imu_echo/src/imu_echo.cpp:[m[K In constructor ‘[01m[KIMU_echo2txt::IMU_echo2txt()[m[K’:
[1.445s] [01m[K/media/wy/7089b057-a6d2-459b-a158-eae994447d5b/MA/ros2_ws/src/imu_echo/src/imu_echo.cpp:17:5:[m[K [01;31m[Kerror: [m[K‘[01m[Ksubscription_[m[K’ was not declared in this scope; did you mean ‘[01m[Krcl_subscription_t[m[K’?
[1.445s]    17 |     [01;31m[Ksubscription_[m[K = this->create_subscription<sensor_msgs::msg::Imu>(
[1.445s]       |     [01;31m[K^~~~~~~~~~~~~[m[K
[1.445s]       |     [32m[Krcl_subscription_t[m[K
[1.473s] [01m[K/media/wy/7089b057-a6d2-459b-a158-eae994447d5b/MA/ros2_ws/src/imu_echo/src/imu_echo.cpp:[m[K In member function ‘[01m[Kvoid IMU_echo2txt::topic_callback(sensor_msgs::msg::Imu_<std::allocator<void> >::SharedPtr) const[m[K’:
[1.474s] [01m[K/media/wy/7089b057-a6d2-459b-a158-eae994447d5b/MA/ros2_ws/src/imu_echo/src/imu_echo.cpp:25:10:[m[K [01;31m[Kerror: [m[K‘[01m[KString[m[K’ is not a member of ‘[01m[Kstd[m[K’; did you mean ‘[01m[Kstring[m[K’?
[1.474s]    25 |     std::[01;31m[KString[m[K path = "/home/wy/Documents/MSA/imu.txt";
[1.474s]       |          [01;31m[K^~~~~~[m[K
[1.475s]       |          [32m[Kstring[m[K
[1.477s] [01m[K/media/wy/7089b057-a6d2-459b-a158-eae994447d5b/MA/ros2_ws/src/imu_echo/src/imu_echo.cpp:27:34:[m[K [01;31m[Kerror: [m[K‘[01m[Kpath[m[K’ was not declared in this scope
[1.478s]    27 |     std::ofstream loop_path_file([01;31m[Kpath[m[K, std::ios::app);
[1.478s]       |                                  [01;31m[K^~~~[m[K
[1.479s] [01m[K/media/wy/7089b057-a6d2-459b-a158-eae994447d5b/MA/ros2_ws/src/imu_echo/src/imu_echo.cpp:30:31:[m[K [01;31m[Kerror: [m[K‘[01m[Kconst SharedPtr[m[K’ {aka ‘[01m[Kconst class std::shared_ptr<sensor_msgs::msg::Imu_<std::allocator<void> > >[m[K’} has no member named ‘[01m[Kheader[m[K’
[1.479s]    30 |         loop_path_file << msg.[01;31m[Kheader[m[K.stamp * 1e9 << ",";
[1.479s]       |                               [01;31m[K^~~~~~[m[K
[1.480s] [01m[K/media/wy/7089b057-a6d2-459b-a158-eae994447d5b/MA/ros2_ws/src/imu_echo/src/imu_echo.cpp:32:32:[m[K [01;31m[Kerror: [m[K‘[01m[Kconst SharedPtr[m[K’ {aka ‘[01m[Kconst class std::shared_ptr<sensor_msgs::msg::Imu_<std::allocator<void> > >[m[K’} has no member named ‘[01m[Kangular_velocity[m[K’
[1.480s]    32 |         loop_path_file  << msg.[01;31m[Kangular_velocity[m[K.x() << ","
[1.480s]       |                                [01;31m[K^~~~~~~~~~~~~~~~[m[K
[1.481s] [01m[K/media/wy/7089b057-a6d2-459b-a158-eae994447d5b/MA/ros2_ws/src/imu_echo/src/imu_echo.cpp:33:22:[m[K [01;31m[Kerror: [m[K‘[01m[Kconst SharedPtr[m[K’ {aka ‘[01m[Kconst class std::shared_ptr<sensor_msgs::msg::Imu_<std::allocator<void> > >[m[K’} has no member named ‘[01m[Kangular_velocity[m[K’
[1.481s]    33 |               << msg.[01;31m[Kangular_velocity[m[K.y() << ","
[1.481s]       |                      [01;31m[K^~~~~~~~~~~~~~~~[m[K
[1.482s] [01m[K/media/wy/7089b057-a6d2-459b-a158-eae994447d5b/MA/ros2_ws/src/imu_echo/src/imu_echo.cpp:34:22:[m[K [01;31m[Kerror: [m[K‘[01m[Kconst SharedPtr[m[K’ {aka ‘[01m[Kconst class std::shared_ptr<sensor_msgs::msg::Imu_<std::allocator<void> > >[m[K’} has no member named ‘[01m[Kangular_velocity[m[K’
[1.482s]    34 |               << msg.[01;31m[Kangular_velocity[m[K.z() << ","
[1.482s]       |                      [01;31m[K^~~~~~~~~~~~~~~~[m[K
[1.496s] [01m[K/media/wy/7089b057-a6d2-459b-a158-eae994447d5b/MA/ros2_ws/src/imu_echo/src/imu_echo.cpp:36:18:[m[K [01;31m[Kerror: [m[K‘[01m[Klinear_acceleration[m[K’ was not declared in this scope
[1.496s]    36 |               << [01;31m[Klinear_acceleration[m[K.x() << ","
[1.496s]       |                  [01;31m[K^~~~~~~~~~~~~~~~~~~[m[K
[2.963s] make[2]: *** [CMakeFiles/imu_echo.dir/build.make:63: CMakeFiles/imu_echo.dir/src/imu_echo.cpp.o] Error 1
[2.964s] make[1]: *** [CMakeFiles/Makefile2:78: CMakeFiles/imu_echo.dir/all] Error 2
[2.964s] make: *** [Makefile:141: all] Error 2
[2.968s] Invoked command in '/media/wy/7089b057-a6d2-459b-a158-eae994447d5b/MA/ros2_ws/build/imu_echo' returned '2': CMAKE_PREFIX_PATH=/opt/ros/foxy /usr/bin/cmake --build /media/wy/7089b057-a6d2-459b-a158-eae994447d5b/MA/ros2_ws/build/imu_echo -- -j1 -l1
