[0.004s] Invoking command in '/media/wy/7089b057-a6d2-459b-a158-eae994447d5b/MA/ros2_ws/build/cpp_pubsub': /usr/bin/cmake /media/wy/7089b057-a6d2-459b-a158-eae994447d5b/MA/ros2_ws/src/cpp_pubsub -DCMAKE_INSTALL_PREFIX=/media/wy/7089b057-a6d2-459b-a158-eae994447d5b/MA/ros2_ws/install/cpp_pubsub
[0.062s] -- The C compiler identification is GNU 9.4.0
[0.120s] -- The CXX compiler identification is GNU 9.4.0
[0.125s] -- Check for working C compiler: /usr/bin/cc
[0.197s] -- Check for working C compiler: /usr/bin/cc -- works
[0.198s] -- Detecting C compiler ABI info
[0.270s] -- Detecting C compiler ABI info - done
[0.282s] -- Detecting C compile features
[0.283s] -- Detecting C compile features - done
[0.285s] -- Check for working CXX compiler: /usr/bin/c++
[0.369s] -- Check for working CXX compiler: /usr/bin/c++ -- works
[0.370s] -- Detecting CXX compiler ABI info
[0.487s] -- Detecting CXX compiler ABI info - done
[0.511s] -- Detecting CXX compile features
[0.512s] -- Detecting CXX compile features - done
[0.532s] CMake Error at CMakeLists.txt:19 (find_package):
[0.539s]   By not providing "Findament_cmake.cmake" in CMAKE_MODULE_PATH this project
[0.539s]   has asked CMake to find a package configuration file provided by
[0.539s]   "ament_cmake", but CMake did not find one.
[0.540s] 
[0.540s]   Could not find a package configuration file provided by "ament_cmake" with
[0.540s]   any of the following names:
[0.540s] 
[0.540s]     ament_cmakeConfig.cmake
[0.540s]     ament_cmake-config.cmake
[0.540s] 
[0.540s]   Add the installation prefix of "ament_cmake" to CMAKE_PREFIX_PATH or set
[0.541s]   "ament_cmake_DIR" to a directory containing one of the above files.  If
[0.541s]   "ament_cmake" provides a separate development package or SDK, be sure it
[0.541s]   has been installed.
[0.541s] 
[0.541s] 
[0.543s] -- Configuring incomplete, errors occurred!
[0.543s] See also "/media/wy/7089b057-a6d2-459b-a158-eae994447d5b/MA/ros2_ws/build/cpp_pubsub/CMakeFiles/CMakeOutput.log".
[0.551s] Invoked command in '/media/wy/7089b057-a6d2-459b-a158-eae994447d5b/MA/ros2_ws/build/cpp_pubsub' returned '1': /usr/bin/cmake /media/wy/7089b057-a6d2-459b-a158-eae994447d5b/MA/ros2_ws/src/cpp_pubsub -DCMAKE_INSTALL_PREFIX=/media/wy/7089b057-a6d2-459b-a158-eae994447d5b/MA/ros2_ws/install/cpp_pubsub
