[1.869s] DEBUG:colcon:Command line arguments: ['/usr/bin/colcon', 'build']
[1.869s] DEBUG:colcon:Parsed command line arguments: Namespace(allow_overriding=[], ament_cmake_args=None, base_paths=['.'], build_base='build', catkin_cmake_args=None, catkin_skip_building_tests=False, cmake_args=None, cmake_clean_cache=False, cmake_clean_first=False, cmake_force_configure=False, cmake_target=None, cmake_target_skip_unavailable=False, continue_on_error=False, event_handlers=None, executor='parallel', ignore_user_meta=False, install_base='install', log_base=None, log_level=None, main=<bound method BuildVerb.main of <colcon_core.verb.build.BuildVerb object at 0x7f7c553bd370>>, merge_install=False, metas=['./colcon.meta'], packages_above=None, packages_above_and_dependencies=None, packages_above_depth=None, packages_end=None, packages_ignore=None, packages_ignore_regex=None, packages_select=None, packages_select_build_failed=False, packages_select_by_dep=None, packages_select_regex=None, packages_select_test_failures=False, packages_skip=None, packages_skip_build_finished=False, packages_skip_by_dep=None, packages_skip_regex=None, packages_skip_test_passed=False, packages_skip_up_to=None, packages_start=None, packages_up_to=None, packages_up_to_regex=None, parallel_workers=1, paths=None, symlink_install=False, test_result_base=None, verb_extension=<colcon_core.verb.build.BuildVerb object at 0x7f7c553bd370>, verb_name='build', verb_parser=<colcon_defaults.argument_parser.defaults.DefaultArgumentsDecorator object at 0x7f7c553bd8b0>)
[2.310s] Level 1:colcon.colcon_core.package_discovery:discover_packages(colcon_meta) check parameters
[2.311s] Level 1:colcon.colcon_core.package_discovery:discover_packages(recursive) check parameters
[2.311s] Level 1:colcon.colcon_core.package_discovery:discover_packages(ignore) check parameters
[2.312s] Level 1:colcon.colcon_core.package_discovery:discover_packages(path) check parameters
[2.312s] Level 1:colcon.colcon_core.package_discovery:discover_packages(colcon_meta) discover
[2.312s] Level 1:colcon.colcon_core.package_discovery:discover_packages(recursive) discover
[2.312s] INFO:colcon.colcon_core.package_discovery:Crawling recursively for packages in '/media/wy/7089b057-a6d2-459b-a158-eae994447d5b/MA/ros2_ws'
[2.313s] Level 1:colcon.colcon_core.package_identification:_identify(.) by extensions ['ignore', 'ignore_ament_install']
[2.313s] Level 1:colcon.colcon_core.package_identification:_identify(.) by extension 'ignore'
[2.314s] Level 1:colcon.colcon_core.package_identification:_identify(.) by extension 'ignore_ament_install'
[2.314s] Level 1:colcon.colcon_core.package_identification:_identify(.) by extensions ['colcon_pkg']
[2.314s] Level 1:colcon.colcon_core.package_identification:_identify(.) by extension 'colcon_pkg'
[2.314s] Level 1:colcon.colcon_core.package_identification:_identify(.) by extensions ['colcon_meta']
[2.315s] Level 1:colcon.colcon_core.package_identification:_identify(.) by extension 'colcon_meta'
[2.315s] Level 1:colcon.colcon_core.package_identification:_identify(.) by extensions ['ros']
[2.316s] Level 1:colcon.colcon_core.package_identification:_identify(.) by extension 'ros'
[2.397s] Level 1:colcon.colcon_core.package_identification:_identify(.) by extensions ['cmake', 'python']
[2.397s] Level 1:colcon.colcon_core.package_identification:_identify(.) by extension 'cmake'
[2.397s] Level 1:colcon.colcon_core.package_identification:_identify(.) by extension 'python'
[2.397s] Level 1:colcon.colcon_core.package_identification:_identify(.) by extensions ['python_setup_py']
[2.397s] Level 1:colcon.colcon_core.package_identification:_identify(.) by extension 'python_setup_py'
[2.397s] Level 1:colcon.colcon_core.package_identification:_identify(build) by extensions ['ignore', 'ignore_ament_install']
[2.397s] Level 1:colcon.colcon_core.package_identification:_identify(build) by extension 'ignore'
[2.397s] Level 1:colcon.colcon_core.package_identification:_identify(build) ignored
[2.398s] Level 1:colcon.colcon_core.package_identification:_identify(data) by extensions ['ignore', 'ignore_ament_install']
[2.398s] Level 1:colcon.colcon_core.package_identification:_identify(data) by extension 'ignore'
[2.398s] Level 1:colcon.colcon_core.package_identification:_identify(data) by extension 'ignore_ament_install'
[2.398s] Level 1:colcon.colcon_core.package_identification:_identify(data) by extensions ['colcon_pkg']
[2.398s] Level 1:colcon.colcon_core.package_identification:_identify(data) by extension 'colcon_pkg'
[2.398s] Level 1:colcon.colcon_core.package_identification:_identify(data) by extensions ['colcon_meta']
[2.398s] Level 1:colcon.colcon_core.package_identification:_identify(data) by extension 'colcon_meta'
[2.398s] Level 1:colcon.colcon_core.package_identification:_identify(data) by extensions ['ros']
[2.398s] Level 1:colcon.colcon_core.package_identification:_identify(data) by extension 'ros'
[2.398s] Level 1:colcon.colcon_core.package_identification:_identify(data) by extensions ['cmake', 'python']
[2.398s] Level 1:colcon.colcon_core.package_identification:_identify(data) by extension 'cmake'
[2.398s] Level 1:colcon.colcon_core.package_identification:_identify(data) by extension 'python'
[2.399s] Level 1:colcon.colcon_core.package_identification:_identify(data) by extensions ['python_setup_py']
[2.399s] Level 1:colcon.colcon_core.package_identification:_identify(data) by extension 'python_setup_py'
[2.400s] Level 1:colcon.colcon_core.package_identification:_identify(install) by extensions ['ignore', 'ignore_ament_install']
[2.400s] Level 1:colcon.colcon_core.package_identification:_identify(install) by extension 'ignore'
[2.400s] Level 1:colcon.colcon_core.package_identification:_identify(install) ignored
[2.400s] Level 1:colcon.colcon_core.package_identification:_identify(log) by extensions ['ignore', 'ignore_ament_install']
[2.400s] Level 1:colcon.colcon_core.package_identification:_identify(log) by extension 'ignore'
[2.400s] Level 1:colcon.colcon_core.package_identification:_identify(log) ignored
[2.401s] Level 1:colcon.colcon_core.package_identification:_identify(src) by extensions ['ignore', 'ignore_ament_install']
[2.401s] Level 1:colcon.colcon_core.package_identification:_identify(src) by extension 'ignore'
[2.401s] Level 1:colcon.colcon_core.package_identification:_identify(src) by extension 'ignore_ament_install'
[2.401s] Level 1:colcon.colcon_core.package_identification:_identify(src) by extensions ['colcon_pkg']
[2.401s] Level 1:colcon.colcon_core.package_identification:_identify(src) by extension 'colcon_pkg'
[2.401s] Level 1:colcon.colcon_core.package_identification:_identify(src) by extensions ['colcon_meta']
[2.401s] Level 1:colcon.colcon_core.package_identification:_identify(src) by extension 'colcon_meta'
[2.401s] Level 1:colcon.colcon_core.package_identification:_identify(src) by extensions ['ros']
[2.401s] Level 1:colcon.colcon_core.package_identification:_identify(src) by extension 'ros'
[2.401s] Level 1:colcon.colcon_core.package_identification:_identify(src) by extensions ['cmake', 'python']
[2.401s] Level 1:colcon.colcon_core.package_identification:_identify(src) by extension 'cmake'
[2.402s] Level 1:colcon.colcon_core.package_identification:_identify(src) by extension 'python'
[2.402s] Level 1:colcon.colcon_core.package_identification:_identify(src) by extensions ['python_setup_py']
[2.402s] Level 1:colcon.colcon_core.package_identification:_identify(src) by extension 'python_setup_py'
[2.402s] Level 1:colcon.colcon_core.package_identification:_identify(src/cpp_pubsub) by extensions ['ignore', 'ignore_ament_install']
[2.402s] Level 1:colcon.colcon_core.package_identification:_identify(src/cpp_pubsub) by extension 'ignore'
[2.402s] Level 1:colcon.colcon_core.package_identification:_identify(src/cpp_pubsub) by extension 'ignore_ament_install'
[2.402s] Level 1:colcon.colcon_core.package_identification:_identify(src/cpp_pubsub) by extensions ['colcon_pkg']
[2.402s] Level 1:colcon.colcon_core.package_identification:_identify(src/cpp_pubsub) by extension 'colcon_pkg'
[2.402s] Level 1:colcon.colcon_core.package_identification:_identify(src/cpp_pubsub) by extensions ['colcon_meta']
[2.402s] Level 1:colcon.colcon_core.package_identification:_identify(src/cpp_pubsub) by extension 'colcon_meta'
[2.402s] Level 1:colcon.colcon_core.package_identification:_identify(src/cpp_pubsub) by extensions ['ros']
[2.402s] Level 1:colcon.colcon_core.package_identification:_identify(src/cpp_pubsub) by extension 'ros'
[2.431s] DEBUG:colcon.colcon_core.package_identification:Package 'src/cpp_pubsub' with type 'ros.ament_cmake' and name 'cpp_pubsub'
[2.431s] Level 1:colcon.colcon_core.package_identification:_identify(src/image_save) by extensions ['ignore', 'ignore_ament_install']
[2.431s] Level 1:colcon.colcon_core.package_identification:_identify(src/image_save) by extension 'ignore'
[2.432s] Level 1:colcon.colcon_core.package_identification:_identify(src/image_save) by extension 'ignore_ament_install'
[2.432s] Level 1:colcon.colcon_core.package_identification:_identify(src/image_save) by extensions ['colcon_pkg']
[2.432s] Level 1:colcon.colcon_core.package_identification:_identify(src/image_save) by extension 'colcon_pkg'
[2.432s] Level 1:colcon.colcon_core.package_identification:_identify(src/image_save) by extensions ['colcon_meta']
[2.432s] Level 1:colcon.colcon_core.package_identification:_identify(src/image_save) by extension 'colcon_meta'
[2.432s] Level 1:colcon.colcon_core.package_identification:_identify(src/image_save) by extensions ['ros']
[2.432s] Level 1:colcon.colcon_core.package_identification:_identify(src/image_save) by extension 'ros'
[2.454s] DEBUG:colcon.colcon_core.package_identification:Package 'src/image_save' with type 'ros.ament_cmake' and name 'image_save'
[2.454s] Level 1:colcon.colcon_core.package_identification:_identify(src/imu_echo) by extensions ['ignore', 'ignore_ament_install']
[2.454s] Level 1:colcon.colcon_core.package_identification:_identify(src/imu_echo) by extension 'ignore'
[2.454s] Level 1:colcon.colcon_core.package_identification:_identify(src/imu_echo) by extension 'ignore_ament_install'
[2.454s] Level 1:colcon.colcon_core.package_identification:_identify(src/imu_echo) by extensions ['colcon_pkg']
[2.454s] Level 1:colcon.colcon_core.package_identification:_identify(src/imu_echo) by extension 'colcon_pkg'
[2.454s] Level 1:colcon.colcon_core.package_identification:_identify(src/imu_echo) by extensions ['colcon_meta']
[2.454s] Level 1:colcon.colcon_core.package_identification:_identify(src/imu_echo) by extension 'colcon_meta'
[2.454s] Level 1:colcon.colcon_core.package_identification:_identify(src/imu_echo) by extensions ['ros']
[2.454s] Level 1:colcon.colcon_core.package_identification:_identify(src/imu_echo) by extension 'ros'
[2.475s] DEBUG:colcon.colcon_core.package_identification:Package 'src/imu_echo' with type 'ros.ament_cmake' and name 'imu_echo'
[2.475s] Level 1:colcon.colcon_core.package_identification:_identify(src/py_image_save) by extensions ['ignore', 'ignore_ament_install']
[2.475s] Level 1:colcon.colcon_core.package_identification:_identify(src/py_image_save) by extension 'ignore'
[2.475s] Level 1:colcon.colcon_core.package_identification:_identify(src/py_image_save) by extension 'ignore_ament_install'
[2.475s] Level 1:colcon.colcon_core.package_identification:_identify(src/py_image_save) by extensions ['colcon_pkg']
[2.475s] Level 1:colcon.colcon_core.package_identification:_identify(src/py_image_save) by extension 'colcon_pkg'
[2.475s] Level 1:colcon.colcon_core.package_identification:_identify(src/py_image_save) by extensions ['colcon_meta']
[2.475s] Level 1:colcon.colcon_core.package_identification:_identify(src/py_image_save) by extension 'colcon_meta'
[2.475s] Level 1:colcon.colcon_core.package_identification:_identify(src/py_image_save) by extensions ['ros']
[2.475s] Level 1:colcon.colcon_core.package_identification:_identify(src/py_image_save) by extension 'ros'
[2.493s] DEBUG:colcon.colcon_core.package_identification:Package 'src/py_image_save' with type 'ros.ament_python' and name 'py_image_save'
[2.493s] Level 1:colcon.colcon_core.package_identification:_identify(src/ros_tutorials) by extensions ['ignore', 'ignore_ament_install']
[2.494s] Level 1:colcon.colcon_core.package_identification:_identify(src/ros_tutorials) by extension 'ignore'
[2.494s] Level 1:colcon.colcon_core.package_identification:_identify(src/ros_tutorials) by extension 'ignore_ament_install'
[2.494s] Level 1:colcon.colcon_core.package_identification:_identify(src/ros_tutorials) by extensions ['colcon_pkg']
[2.494s] Level 1:colcon.colcon_core.package_identification:_identify(src/ros_tutorials) by extension 'colcon_pkg'
[2.494s] Level 1:colcon.colcon_core.package_identification:_identify(src/ros_tutorials) by extensions ['colcon_meta']
[2.494s] Level 1:colcon.colcon_core.package_identification:_identify(src/ros_tutorials) by extension 'colcon_meta'
[2.494s] Level 1:colcon.colcon_core.package_identification:_identify(src/ros_tutorials) by extensions ['ros']
[2.494s] Level 1:colcon.colcon_core.package_identification:_identify(src/ros_tutorials) by extension 'ros'
[2.494s] Level 1:colcon.colcon_core.package_identification:_identify(src/ros_tutorials) by extensions ['cmake', 'python']
[2.494s] Level 1:colcon.colcon_core.package_identification:_identify(src/ros_tutorials) by extension 'cmake'
[2.494s] Level 1:colcon.colcon_core.package_identification:_identify(src/ros_tutorials) by extension 'python'
[2.494s] Level 1:colcon.colcon_core.package_identification:_identify(src/ros_tutorials) by extensions ['python_setup_py']
[2.494s] Level 1:colcon.colcon_core.package_identification:_identify(src/ros_tutorials) by extension 'python_setup_py'
[2.494s] Level 1:colcon.colcon_core.package_identification:_identify(src/ros_tutorials/ros_tutorials) by extensions ['ignore', 'ignore_ament_install']
[2.495s] Level 1:colcon.colcon_core.package_identification:_identify(src/ros_tutorials/ros_tutorials) by extension 'ignore'
[2.495s] Level 1:colcon.colcon_core.package_identification:_identify(src/ros_tutorials/ros_tutorials) ignored
[2.495s] Level 1:colcon.colcon_core.package_identification:_identify(src/ros_tutorials/roscpp_tutorials) by extensions ['ignore', 'ignore_ament_install']
[2.495s] Level 1:colcon.colcon_core.package_identification:_identify(src/ros_tutorials/roscpp_tutorials) by extension 'ignore'
[2.495s] Level 1:colcon.colcon_core.package_identification:_identify(src/ros_tutorials/roscpp_tutorials) ignored
[2.495s] Level 1:colcon.colcon_core.package_identification:_identify(src/ros_tutorials/rospy_tutorials) by extensions ['ignore', 'ignore_ament_install']
[2.495s] Level 1:colcon.colcon_core.package_identification:_identify(src/ros_tutorials/rospy_tutorials) by extension 'ignore'
[2.495s] Level 1:colcon.colcon_core.package_identification:_identify(src/ros_tutorials/rospy_tutorials) ignored
[2.495s] Level 1:colcon.colcon_core.package_identification:_identify(src/ros_tutorials/turtlesim) by extensions ['ignore', 'ignore_ament_install']
[2.496s] Level 1:colcon.colcon_core.package_identification:_identify(src/ros_tutorials/turtlesim) by extension 'ignore'
[2.496s] Level 1:colcon.colcon_core.package_identification:_identify(src/ros_tutorials/turtlesim) by extension 'ignore_ament_install'
[2.496s] Level 1:colcon.colcon_core.package_identification:_identify(src/ros_tutorials/turtlesim) by extensions ['colcon_pkg']
[2.496s] Level 1:colcon.colcon_core.package_identification:_identify(src/ros_tutorials/turtlesim) by extension 'colcon_pkg'
[2.496s] Level 1:colcon.colcon_core.package_identification:_identify(src/ros_tutorials/turtlesim) by extensions ['colcon_meta']
[2.496s] Level 1:colcon.colcon_core.package_identification:_identify(src/ros_tutorials/turtlesim) by extension 'colcon_meta'
[2.496s] Level 1:colcon.colcon_core.package_identification:_identify(src/ros_tutorials/turtlesim) by extensions ['ros']
[2.496s] Level 1:colcon.colcon_core.package_identification:_identify(src/ros_tutorials/turtlesim) by extension 'ros'
[2.518s] DEBUG:colcon.colcon_core.package_identification:Package 'src/ros_tutorials/turtlesim' with type 'ros.ament_cmake' and name 'turtlesim'
[2.521s] Level 1:colcon.colcon_core.package_discovery:discover_packages(recursive) using defaults
[2.521s] Level 1:colcon.colcon_core.package_discovery:discover_packages(ignore) discover
[2.521s] Level 1:colcon.colcon_core.package_discovery:discover_packages(ignore) using defaults
[2.521s] Level 1:colcon.colcon_core.package_discovery:discover_packages(path) discover
[2.521s] Level 1:colcon.colcon_core.package_discovery:discover_packages(path) using defaults
[2.629s] Level 1:colcon.colcon_core.package_discovery:discover_packages(prefix_path) check parameters
[2.629s] Level 1:colcon.colcon_core.package_discovery:discover_packages(prefix_path) discover
[2.632s] Level 1:colcon.colcon_core.package_discovery:discover_packages(prefix_path) using defaults
[2.634s] Level 5:colcon.colcon_core.verb:set package 'cpp_pubsub' build argument 'cmake_args' from command line to 'None'
[2.635s] Level 5:colcon.colcon_core.verb:set package 'cpp_pubsub' build argument 'cmake_target' from command line to 'None'
[2.635s] Level 5:colcon.colcon_core.verb:set package 'cpp_pubsub' build argument 'cmake_target_skip_unavailable' from command line to 'False'
[2.635s] Level 5:colcon.colcon_core.verb:set package 'cpp_pubsub' build argument 'cmake_clean_cache' from command line to 'False'
[2.635s] Level 5:colcon.colcon_core.verb:set package 'cpp_pubsub' build argument 'cmake_clean_first' from command line to 'False'
[2.635s] Level 5:colcon.colcon_core.verb:set package 'cpp_pubsub' build argument 'cmake_force_configure' from command line to 'False'
[2.635s] Level 5:colcon.colcon_core.verb:set package 'cpp_pubsub' build argument 'ament_cmake_args' from command line to 'None'
[2.635s] Level 5:colcon.colcon_core.verb:set package 'cpp_pubsub' build argument 'catkin_cmake_args' from command line to 'None'
[2.635s] Level 5:colcon.colcon_core.verb:set package 'cpp_pubsub' build argument 'catkin_skip_building_tests' from command line to 'False'
[2.635s] DEBUG:colcon.colcon_core.verb:Building package 'cpp_pubsub' with the following arguments: {'ament_cmake_args': None, 'build_base': '/media/wy/7089b057-a6d2-459b-a158-eae994447d5b/MA/ros2_ws/build/cpp_pubsub', 'catkin_cmake_args': None, 'catkin_skip_building_tests': False, 'cmake_args': None, 'cmake_clean_cache': False, 'cmake_clean_first': False, 'cmake_force_configure': False, 'cmake_target': None, 'cmake_target_skip_unavailable': False, 'install_base': '/media/wy/7089b057-a6d2-459b-a158-eae994447d5b/MA/ros2_ws/install/cpp_pubsub', 'merge_install': False, 'path': '/media/wy/7089b057-a6d2-459b-a158-eae994447d5b/MA/ros2_ws/src/cpp_pubsub', 'symlink_install': False, 'test_result_base': None}
[2.636s] Level 5:colcon.colcon_core.verb:set package 'image_save' build argument 'cmake_args' from command line to 'None'
[2.636s] Level 5:colcon.colcon_core.verb:set package 'image_save' build argument 'cmake_target' from command line to 'None'
[2.636s] Level 5:colcon.colcon_core.verb:set package 'image_save' build argument 'cmake_target_skip_unavailable' from command line to 'False'
[2.636s] Level 5:colcon.colcon_core.verb:set package 'image_save' build argument 'cmake_clean_cache' from command line to 'False'
[2.636s] Level 5:colcon.colcon_core.verb:set package 'image_save' build argument 'cmake_clean_first' from command line to 'False'
[2.636s] Level 5:colcon.colcon_core.verb:set package 'image_save' build argument 'cmake_force_configure' from command line to 'False'
[2.636s] Level 5:colcon.colcon_core.verb:set package 'image_save' build argument 'ament_cmake_args' from command line to 'None'
[2.637s] Level 5:colcon.colcon_core.verb:set package 'image_save' build argument 'catkin_cmake_args' from command line to 'None'
[2.637s] Level 5:colcon.colcon_core.verb:set package 'image_save' build argument 'catkin_skip_building_tests' from command line to 'False'
[2.637s] DEBUG:colcon.colcon_core.verb:Building package 'image_save' with the following arguments: {'ament_cmake_args': None, 'build_base': '/media/wy/7089b057-a6d2-459b-a158-eae994447d5b/MA/ros2_ws/build/image_save', 'catkin_cmake_args': None, 'catkin_skip_building_tests': False, 'cmake_args': None, 'cmake_clean_cache': False, 'cmake_clean_first': False, 'cmake_force_configure': False, 'cmake_target': None, 'cmake_target_skip_unavailable': False, 'install_base': '/media/wy/7089b057-a6d2-459b-a158-eae994447d5b/MA/ros2_ws/install/image_save', 'merge_install': False, 'path': '/media/wy/7089b057-a6d2-459b-a158-eae994447d5b/MA/ros2_ws/src/image_save', 'symlink_install': False, 'test_result_base': None}
[2.637s] Level 5:colcon.colcon_core.verb:set package 'imu_echo' build argument 'cmake_args' from command line to 'None'
[2.637s] Level 5:colcon.colcon_core.verb:set package 'imu_echo' build argument 'cmake_target' from command line to 'None'
[2.637s] Level 5:colcon.colcon_core.verb:set package 'imu_echo' build argument 'cmake_target_skip_unavailable' from command line to 'False'
[2.638s] Level 5:colcon.colcon_core.verb:set package 'imu_echo' build argument 'cmake_clean_cache' from command line to 'False'
[2.638s] Level 5:colcon.colcon_core.verb:set package 'imu_echo' build argument 'cmake_clean_first' from command line to 'False'
[2.638s] Level 5:colcon.colcon_core.verb:set package 'imu_echo' build argument 'cmake_force_configure' from command line to 'False'
[2.638s] Level 5:colcon.colcon_core.verb:set package 'imu_echo' build argument 'ament_cmake_args' from command line to 'None'
[2.638s] Level 5:colcon.colcon_core.verb:set package 'imu_echo' build argument 'catkin_cmake_args' from command line to 'None'
[2.638s] Level 5:colcon.colcon_core.verb:set package 'imu_echo' build argument 'catkin_skip_building_tests' from command line to 'False'
[2.638s] DEBUG:colcon.colcon_core.verb:Building package 'imu_echo' with the following arguments: {'ament_cmake_args': None, 'build_base': '/media/wy/7089b057-a6d2-459b-a158-eae994447d5b/MA/ros2_ws/build/imu_echo', 'catkin_cmake_args': None, 'catkin_skip_building_tests': False, 'cmake_args': None, 'cmake_clean_cache': False, 'cmake_clean_first': False, 'cmake_force_configure': False, 'cmake_target': None, 'cmake_target_skip_unavailable': False, 'install_base': '/media/wy/7089b057-a6d2-459b-a158-eae994447d5b/MA/ros2_ws/install/imu_echo', 'merge_install': False, 'path': '/media/wy/7089b057-a6d2-459b-a158-eae994447d5b/MA/ros2_ws/src/imu_echo', 'symlink_install': False, 'test_result_base': None}
[2.638s] Level 5:colcon.colcon_core.verb:set package 'py_image_save' build argument 'cmake_args' from command line to 'None'
[2.639s] Level 5:colcon.colcon_core.verb:set package 'py_image_save' build argument 'cmake_target' from command line to 'None'
[2.639s] Level 5:colcon.colcon_core.verb:set package 'py_image_save' build argument 'cmake_target_skip_unavailable' from command line to 'False'
[2.639s] Level 5:colcon.colcon_core.verb:set package 'py_image_save' build argument 'cmake_clean_cache' from command line to 'False'
[2.639s] Level 5:colcon.colcon_core.verb:set package 'py_image_save' build argument 'cmake_clean_first' from command line to 'False'
[2.639s] Level 5:colcon.colcon_core.verb:set package 'py_image_save' build argument 'cmake_force_configure' from command line to 'False'
[2.639s] Level 5:colcon.colcon_core.verb:set package 'py_image_save' build argument 'ament_cmake_args' from command line to 'None'
[2.639s] Level 5:colcon.colcon_core.verb:set package 'py_image_save' build argument 'catkin_cmake_args' from command line to 'None'
[2.639s] Level 5:colcon.colcon_core.verb:set package 'py_image_save' build argument 'catkin_skip_building_tests' from command line to 'False'
[2.639s] DEBUG:colcon.colcon_core.verb:Building package 'py_image_save' with the following arguments: {'ament_cmake_args': None, 'build_base': '/media/wy/7089b057-a6d2-459b-a158-eae994447d5b/MA/ros2_ws/build/py_image_save', 'catkin_cmake_args': None, 'catkin_skip_building_tests': False, 'cmake_args': None, 'cmake_clean_cache': False, 'cmake_clean_first': False, 'cmake_force_configure': False, 'cmake_target': None, 'cmake_target_skip_unavailable': False, 'install_base': '/media/wy/7089b057-a6d2-459b-a158-eae994447d5b/MA/ros2_ws/install/py_image_save', 'merge_install': False, 'path': '/media/wy/7089b057-a6d2-459b-a158-eae994447d5b/MA/ros2_ws/src/py_image_save', 'symlink_install': False, 'test_result_base': None}
[2.640s] Level 5:colcon.colcon_core.verb:set package 'turtlesim' build argument 'cmake_args' from command line to 'None'
[2.640s] Level 5:colcon.colcon_core.verb:set package 'turtlesim' build argument 'cmake_target' from command line to 'None'
[2.640s] Level 5:colcon.colcon_core.verb:set package 'turtlesim' build argument 'cmake_target_skip_unavailable' from command line to 'False'
[2.640s] Level 5:colcon.colcon_core.verb:set package 'turtlesim' build argument 'cmake_clean_cache' from command line to 'False'
[2.640s] Level 5:colcon.colcon_core.verb:set package 'turtlesim' build argument 'cmake_clean_first' from command line to 'False'
[2.640s] Level 5:colcon.colcon_core.verb:set package 'turtlesim' build argument 'cmake_force_configure' from command line to 'False'
[2.640s] Level 5:colcon.colcon_core.verb:set package 'turtlesim' build argument 'ament_cmake_args' from command line to 'None'
[2.640s] Level 5:colcon.colcon_core.verb:set package 'turtlesim' build argument 'catkin_cmake_args' from command line to 'None'
[2.640s] Level 5:colcon.colcon_core.verb:set package 'turtlesim' build argument 'catkin_skip_building_tests' from command line to 'False'
[2.640s] DEBUG:colcon.colcon_core.verb:Building package 'turtlesim' with the following arguments: {'ament_cmake_args': None, 'build_base': '/media/wy/7089b057-a6d2-459b-a158-eae994447d5b/MA/ros2_ws/build/turtlesim', 'catkin_cmake_args': None, 'catkin_skip_building_tests': False, 'cmake_args': None, 'cmake_clean_cache': False, 'cmake_clean_first': False, 'cmake_force_configure': False, 'cmake_target': None, 'cmake_target_skip_unavailable': False, 'install_base': '/media/wy/7089b057-a6d2-459b-a158-eae994447d5b/MA/ros2_ws/install/turtlesim', 'merge_install': False, 'path': '/media/wy/7089b057-a6d2-459b-a158-eae994447d5b/MA/ros2_ws/src/ros_tutorials/turtlesim', 'symlink_install': False, 'test_result_base': None}
[2.641s] INFO:colcon.colcon_core.executor:Executing jobs using 'parallel' executor
[2.642s] DEBUG:colcon.colcon_parallel_executor.executor.parallel:run_until_complete
[2.643s] INFO:colcon.colcon_ros.task.ament_cmake.build:Building ROS package in '/media/wy/7089b057-a6d2-459b-a158-eae994447d5b/MA/ros2_ws/src/cpp_pubsub' with build type 'ament_cmake'
[2.643s] INFO:colcon.colcon_cmake.task.cmake.build:Building CMake package in '/media/wy/7089b057-a6d2-459b-a158-eae994447d5b/MA/ros2_ws/src/cpp_pubsub'
[2.733s] INFO:colcon.colcon_core.plugin_system:Skipping extension 'colcon_core.shell.bat': Not used on non-Windows systems
[2.734s] INFO:colcon.colcon_core.shell:Skip shell extension 'powershell' for command environment: Not usable outside of PowerShell
[2.734s] DEBUG:colcon.colcon_core.shell:Skip shell extension 'dsv' for command environment
[2.842s] DEBUG:colcon.colcon_core.event_handler.log_command:Invoking command in '/media/wy/7089b057-a6d2-459b-a158-eae994447d5b/MA/ros2_ws/build/cpp_pubsub': /usr/bin/cmake --build /media/wy/7089b057-a6d2-459b-a158-eae994447d5b/MA/ros2_ws/build/cpp_pubsub -- -j1 -l1
[4.048s] DEBUG:colcon.colcon_core.event_handler.log_command:Invoked command in '/media/wy/7089b057-a6d2-459b-a158-eae994447d5b/MA/ros2_ws/build/cpp_pubsub' returned '0': /usr/bin/cmake --build /media/wy/7089b057-a6d2-459b-a158-eae994447d5b/MA/ros2_ws/build/cpp_pubsub -- -j1 -l1
[4.087s] DEBUG:colcon.colcon_core.event_handler.log_command:Invoking command in '/media/wy/7089b057-a6d2-459b-a158-eae994447d5b/MA/ros2_ws/build/cpp_pubsub': /usr/bin/cmake --install /media/wy/7089b057-a6d2-459b-a158-eae994447d5b/MA/ros2_ws/build/cpp_pubsub
[4.243s] Level 1:colcon.colcon_core.environment:create_environment_scripts_only(cpp_pubsub)
[4.246s] DEBUG:colcon.colcon_core.event_handler.log_command:Invoked command in '/media/wy/7089b057-a6d2-459b-a158-eae994447d5b/MA/ros2_ws/build/cpp_pubsub' returned '0': /usr/bin/cmake --install /media/wy/7089b057-a6d2-459b-a158-eae994447d5b/MA/ros2_ws/build/cpp_pubsub
[4.323s] Level 1:colcon.colcon_core.environment:checking '/media/wy/7089b057-a6d2-459b-a158-eae994447d5b/MA/ros2_ws/install/cpp_pubsub' for CMake module files
[4.324s] Level 1:colcon.colcon_core.environment:checking '/media/wy/7089b057-a6d2-459b-a158-eae994447d5b/MA/ros2_ws/install/cpp_pubsub' for CMake config files
[4.324s] Level 1:colcon.colcon_core.shell:create_environment_hook('cpp_pubsub', 'cmake_prefix_path')
[4.325s] INFO:colcon.colcon_core.shell:Creating environment hook '/media/wy/7089b057-a6d2-459b-a158-eae994447d5b/MA/ros2_ws/install/cpp_pubsub/share/cpp_pubsub/hook/cmake_prefix_path.ps1'
[4.327s] INFO:colcon.colcon_core.shell:Creating environment descriptor '/media/wy/7089b057-a6d2-459b-a158-eae994447d5b/MA/ros2_ws/install/cpp_pubsub/share/cpp_pubsub/hook/cmake_prefix_path.dsv'
[4.328s] INFO:colcon.colcon_core.shell:Creating environment hook '/media/wy/7089b057-a6d2-459b-a158-eae994447d5b/MA/ros2_ws/install/cpp_pubsub/share/cpp_pubsub/hook/cmake_prefix_path.sh'
[4.332s] Level 1:colcon.colcon_core.environment:checking '/media/wy/7089b057-a6d2-459b-a158-eae994447d5b/MA/ros2_ws/install/cpp_pubsub/lib'
[4.332s] Level 1:colcon.colcon_core.environment:checking '/media/wy/7089b057-a6d2-459b-a158-eae994447d5b/MA/ros2_ws/install/cpp_pubsub/bin'
[4.332s] Level 1:colcon.colcon_core.environment:checking '/media/wy/7089b057-a6d2-459b-a158-eae994447d5b/MA/ros2_ws/install/cpp_pubsub/lib/pkgconfig/cpp_pubsub.pc'
[4.334s] Level 1:colcon.colcon_core.environment:checking '/media/wy/7089b057-a6d2-459b-a158-eae994447d5b/MA/ros2_ws/install/cpp_pubsub/lib/python3.8/site-packages'
[4.334s] Level 1:colcon.colcon_core.environment:checking '/media/wy/7089b057-a6d2-459b-a158-eae994447d5b/MA/ros2_ws/install/cpp_pubsub/bin'
[4.335s] INFO:colcon.colcon_core.shell:Creating package script '/media/wy/7089b057-a6d2-459b-a158-eae994447d5b/MA/ros2_ws/install/cpp_pubsub/share/cpp_pubsub/package.ps1'
[4.336s] INFO:colcon.colcon_core.shell:Creating package descriptor '/media/wy/7089b057-a6d2-459b-a158-eae994447d5b/MA/ros2_ws/install/cpp_pubsub/share/cpp_pubsub/package.dsv'
[4.337s] INFO:colcon.colcon_core.shell:Creating package script '/media/wy/7089b057-a6d2-459b-a158-eae994447d5b/MA/ros2_ws/install/cpp_pubsub/share/cpp_pubsub/package.sh'
[4.338s] INFO:colcon.colcon_core.shell:Creating package script '/media/wy/7089b057-a6d2-459b-a158-eae994447d5b/MA/ros2_ws/install/cpp_pubsub/share/cpp_pubsub/package.bash'
[4.339s] INFO:colcon.colcon_core.shell:Creating package script '/media/wy/7089b057-a6d2-459b-a158-eae994447d5b/MA/ros2_ws/install/cpp_pubsub/share/cpp_pubsub/package.zsh'
[4.341s] Level 1:colcon.colcon_core.environment:create_file_with_runtime_dependencies(/media/wy/7089b057-a6d2-459b-a158-eae994447d5b/MA/ros2_ws/install/cpp_pubsub/share/colcon-core/packages/cpp_pubsub)
[4.369s] Level 1:colcon.colcon_core.environment:create_environment_scripts_only(cpp_pubsub)
[4.369s] Level 1:colcon.colcon_core.environment:checking '/media/wy/7089b057-a6d2-459b-a158-eae994447d5b/MA/ros2_ws/install/cpp_pubsub' for CMake module files
[4.370s] Level 1:colcon.colcon_core.environment:checking '/media/wy/7089b057-a6d2-459b-a158-eae994447d5b/MA/ros2_ws/install/cpp_pubsub' for CMake config files
[4.370s] Level 1:colcon.colcon_core.shell:create_environment_hook('cpp_pubsub', 'cmake_prefix_path')
[4.371s] INFO:colcon.colcon_core.shell:Creating environment hook '/media/wy/7089b057-a6d2-459b-a158-eae994447d5b/MA/ros2_ws/install/cpp_pubsub/share/cpp_pubsub/hook/cmake_prefix_path.ps1'
[4.371s] INFO:colcon.colcon_core.shell:Creating environment descriptor '/media/wy/7089b057-a6d2-459b-a158-eae994447d5b/MA/ros2_ws/install/cpp_pubsub/share/cpp_pubsub/hook/cmake_prefix_path.dsv'
[4.372s] INFO:colcon.colcon_core.shell:Creating environment hook '/media/wy/7089b057-a6d2-459b-a158-eae994447d5b/MA/ros2_ws/install/cpp_pubsub/share/cpp_pubsub/hook/cmake_prefix_path.sh'
[4.373s] Level 1:colcon.colcon_core.environment:checking '/media/wy/7089b057-a6d2-459b-a158-eae994447d5b/MA/ros2_ws/install/cpp_pubsub/lib'
[4.373s] Level 1:colcon.colcon_core.environment:checking '/media/wy/7089b057-a6d2-459b-a158-eae994447d5b/MA/ros2_ws/install/cpp_pubsub/bin'
[4.373s] Level 1:colcon.colcon_core.environment:checking '/media/wy/7089b057-a6d2-459b-a158-eae994447d5b/MA/ros2_ws/install/cpp_pubsub/lib/pkgconfig/cpp_pubsub.pc'
[4.373s] Level 1:colcon.colcon_core.environment:checking '/media/wy/7089b057-a6d2-459b-a158-eae994447d5b/MA/ros2_ws/install/cpp_pubsub/lib/python3.8/site-packages'
[4.373s] Level 1:colcon.colcon_core.environment:checking '/media/wy/7089b057-a6d2-459b-a158-eae994447d5b/MA/ros2_ws/install/cpp_pubsub/bin'
[4.374s] INFO:colcon.colcon_core.shell:Creating package script '/media/wy/7089b057-a6d2-459b-a158-eae994447d5b/MA/ros2_ws/install/cpp_pubsub/share/cpp_pubsub/package.ps1'
[4.374s] INFO:colcon.colcon_core.shell:Creating package descriptor '/media/wy/7089b057-a6d2-459b-a158-eae994447d5b/MA/ros2_ws/install/cpp_pubsub/share/cpp_pubsub/package.dsv'
[4.375s] INFO:colcon.colcon_core.shell:Creating package script '/media/wy/7089b057-a6d2-459b-a158-eae994447d5b/MA/ros2_ws/install/cpp_pubsub/share/cpp_pubsub/package.sh'
[4.376s] INFO:colcon.colcon_core.shell:Creating package script '/media/wy/7089b057-a6d2-459b-a158-eae994447d5b/MA/ros2_ws/install/cpp_pubsub/share/cpp_pubsub/package.bash'
[4.376s] INFO:colcon.colcon_core.shell:Creating package script '/media/wy/7089b057-a6d2-459b-a158-eae994447d5b/MA/ros2_ws/install/cpp_pubsub/share/cpp_pubsub/package.zsh'
[4.377s] Level 1:colcon.colcon_core.environment:create_file_with_runtime_dependencies(/media/wy/7089b057-a6d2-459b-a158-eae994447d5b/MA/ros2_ws/install/cpp_pubsub/share/colcon-core/packages/cpp_pubsub)
[4.378s] INFO:colcon.colcon_ros.task.ament_cmake.build:Building ROS package in '/media/wy/7089b057-a6d2-459b-a158-eae994447d5b/MA/ros2_ws/src/image_save' with build type 'ament_cmake'
[4.379s] INFO:colcon.colcon_cmake.task.cmake.build:Building CMake package in '/media/wy/7089b057-a6d2-459b-a158-eae994447d5b/MA/ros2_ws/src/image_save'
[4.379s] INFO:colcon.colcon_core.shell:Skip shell extension 'powershell' for command environment: Not usable outside of PowerShell
[4.379s] DEBUG:colcon.colcon_core.shell:Skip shell extension 'dsv' for command environment
[4.423s] DEBUG:colcon.colcon_core.event_handler.log_command:Invoking command in '/media/wy/7089b057-a6d2-459b-a158-eae994447d5b/MA/ros2_ws/build/image_save': /usr/bin/cmake --build /media/wy/7089b057-a6d2-459b-a158-eae994447d5b/MA/ros2_ws/build/image_save -- -j1 -l1
[4.606s] DEBUG:colcon.colcon_core.event_handler.log_command:Invoked command in '/media/wy/7089b057-a6d2-459b-a158-eae994447d5b/MA/ros2_ws/build/image_save' returned '0': /usr/bin/cmake --build /media/wy/7089b057-a6d2-459b-a158-eae994447d5b/MA/ros2_ws/build/image_save -- -j1 -l1
[4.662s] DEBUG:colcon.colcon_core.event_handler.log_command:Invoking command in '/media/wy/7089b057-a6d2-459b-a158-eae994447d5b/MA/ros2_ws/build/image_save': /usr/bin/cmake --install /media/wy/7089b057-a6d2-459b-a158-eae994447d5b/MA/ros2_ws/build/image_save
[4.836s] Level 1:colcon.colcon_core.environment:create_environment_scripts_only(image_save)
[4.839s] Level 1:colcon.colcon_core.environment:checking '/media/wy/7089b057-a6d2-459b-a158-eae994447d5b/MA/ros2_ws/install/image_save' for CMake module files
[4.840s] DEBUG:colcon.colcon_core.event_handler.log_command:Invoked command in '/media/wy/7089b057-a6d2-459b-a158-eae994447d5b/MA/ros2_ws/build/image_save' returned '0': /usr/bin/cmake --install /media/wy/7089b057-a6d2-459b-a158-eae994447d5b/MA/ros2_ws/build/image_save
[4.842s] Level 1:colcon.colcon_core.environment:checking '/media/wy/7089b057-a6d2-459b-a158-eae994447d5b/MA/ros2_ws/install/image_save' for CMake config files
[4.842s] Level 1:colcon.colcon_core.shell:create_environment_hook('image_save', 'cmake_prefix_path')
[4.844s] INFO:colcon.colcon_core.shell:Creating environment hook '/media/wy/7089b057-a6d2-459b-a158-eae994447d5b/MA/ros2_ws/install/image_save/share/image_save/hook/cmake_prefix_path.ps1'
[4.845s] INFO:colcon.colcon_core.shell:Creating environment descriptor '/media/wy/7089b057-a6d2-459b-a158-eae994447d5b/MA/ros2_ws/install/image_save/share/image_save/hook/cmake_prefix_path.dsv'
[4.846s] INFO:colcon.colcon_core.shell:Creating environment hook '/media/wy/7089b057-a6d2-459b-a158-eae994447d5b/MA/ros2_ws/install/image_save/share/image_save/hook/cmake_prefix_path.sh'
[4.848s] Level 1:colcon.colcon_core.environment:checking '/media/wy/7089b057-a6d2-459b-a158-eae994447d5b/MA/ros2_ws/install/image_save/bin'
[4.849s] Level 1:colcon.colcon_core.environment:checking '/media/wy/7089b057-a6d2-459b-a158-eae994447d5b/MA/ros2_ws/install/image_save/lib/pkgconfig/image_save.pc'
[4.849s] Level 1:colcon.colcon_core.environment:checking '/media/wy/7089b057-a6d2-459b-a158-eae994447d5b/MA/ros2_ws/install/image_save/lib/python3.8/site-packages'
[4.849s] Level 1:colcon.colcon_core.environment:checking '/media/wy/7089b057-a6d2-459b-a158-eae994447d5b/MA/ros2_ws/install/image_save/bin'
[4.850s] INFO:colcon.colcon_core.shell:Creating package script '/media/wy/7089b057-a6d2-459b-a158-eae994447d5b/MA/ros2_ws/install/image_save/share/image_save/package.ps1'
[4.851s] INFO:colcon.colcon_core.shell:Creating package descriptor '/media/wy/7089b057-a6d2-459b-a158-eae994447d5b/MA/ros2_ws/install/image_save/share/image_save/package.dsv'
[4.852s] INFO:colcon.colcon_core.shell:Creating package script '/media/wy/7089b057-a6d2-459b-a158-eae994447d5b/MA/ros2_ws/install/image_save/share/image_save/package.sh'
[4.853s] INFO:colcon.colcon_core.shell:Creating package script '/media/wy/7089b057-a6d2-459b-a158-eae994447d5b/MA/ros2_ws/install/image_save/share/image_save/package.bash'
[4.854s] INFO:colcon.colcon_core.shell:Creating package script '/media/wy/7089b057-a6d2-459b-a158-eae994447d5b/MA/ros2_ws/install/image_save/share/image_save/package.zsh'
[4.855s] Level 1:colcon.colcon_core.environment:create_file_with_runtime_dependencies(/media/wy/7089b057-a6d2-459b-a158-eae994447d5b/MA/ros2_ws/install/image_save/share/colcon-core/packages/image_save)
[4.878s] Level 1:colcon.colcon_core.environment:create_environment_scripts_only(image_save)
[4.879s] Level 1:colcon.colcon_core.environment:checking '/media/wy/7089b057-a6d2-459b-a158-eae994447d5b/MA/ros2_ws/install/image_save' for CMake module files
[4.880s] Level 1:colcon.colcon_core.environment:checking '/media/wy/7089b057-a6d2-459b-a158-eae994447d5b/MA/ros2_ws/install/image_save' for CMake config files
[4.880s] Level 1:colcon.colcon_core.shell:create_environment_hook('image_save', 'cmake_prefix_path')
[4.881s] INFO:colcon.colcon_core.shell:Creating environment hook '/media/wy/7089b057-a6d2-459b-a158-eae994447d5b/MA/ros2_ws/install/image_save/share/image_save/hook/cmake_prefix_path.ps1'
[4.881s] INFO:colcon.colcon_core.shell:Creating environment descriptor '/media/wy/7089b057-a6d2-459b-a158-eae994447d5b/MA/ros2_ws/install/image_save/share/image_save/hook/cmake_prefix_path.dsv'
[4.882s] INFO:colcon.colcon_core.shell:Creating environment hook '/media/wy/7089b057-a6d2-459b-a158-eae994447d5b/MA/ros2_ws/install/image_save/share/image_save/hook/cmake_prefix_path.sh'
[4.883s] Level 1:colcon.colcon_core.environment:checking '/media/wy/7089b057-a6d2-459b-a158-eae994447d5b/MA/ros2_ws/install/image_save/bin'
[4.883s] Level 1:colcon.colcon_core.environment:checking '/media/wy/7089b057-a6d2-459b-a158-eae994447d5b/MA/ros2_ws/install/image_save/lib/pkgconfig/image_save.pc'
[4.883s] Level 1:colcon.colcon_core.environment:checking '/media/wy/7089b057-a6d2-459b-a158-eae994447d5b/MA/ros2_ws/install/image_save/lib/python3.8/site-packages'
[4.883s] Level 1:colcon.colcon_core.environment:checking '/media/wy/7089b057-a6d2-459b-a158-eae994447d5b/MA/ros2_ws/install/image_save/bin'
[4.884s] INFO:colcon.colcon_core.shell:Creating package script '/media/wy/7089b057-a6d2-459b-a158-eae994447d5b/MA/ros2_ws/install/image_save/share/image_save/package.ps1'
[4.884s] INFO:colcon.colcon_core.shell:Creating package descriptor '/media/wy/7089b057-a6d2-459b-a158-eae994447d5b/MA/ros2_ws/install/image_save/share/image_save/package.dsv'
[4.885s] INFO:colcon.colcon_core.shell:Creating package script '/media/wy/7089b057-a6d2-459b-a158-eae994447d5b/MA/ros2_ws/install/image_save/share/image_save/package.sh'
[4.886s] INFO:colcon.colcon_core.shell:Creating package script '/media/wy/7089b057-a6d2-459b-a158-eae994447d5b/MA/ros2_ws/install/image_save/share/image_save/package.bash'
[4.886s] INFO:colcon.colcon_core.shell:Creating package script '/media/wy/7089b057-a6d2-459b-a158-eae994447d5b/MA/ros2_ws/install/image_save/share/image_save/package.zsh'
[4.887s] Level 1:colcon.colcon_core.environment:create_file_with_runtime_dependencies(/media/wy/7089b057-a6d2-459b-a158-eae994447d5b/MA/ros2_ws/install/image_save/share/colcon-core/packages/image_save)
[4.889s] INFO:colcon.colcon_ros.task.ament_cmake.build:Building ROS package in '/media/wy/7089b057-a6d2-459b-a158-eae994447d5b/MA/ros2_ws/src/imu_echo' with build type 'ament_cmake'
[4.889s] INFO:colcon.colcon_cmake.task.cmake.build:Building CMake package in '/media/wy/7089b057-a6d2-459b-a158-eae994447d5b/MA/ros2_ws/src/imu_echo'
[4.892s] INFO:colcon.colcon_core.shell:Skip shell extension 'powershell' for command environment: Not usable outside of PowerShell
[4.893s] DEBUG:colcon.colcon_core.shell:Skip shell extension 'dsv' for command environment
[4.933s] DEBUG:colcon.colcon_core.event_handler.log_command:Invoking command in '/media/wy/7089b057-a6d2-459b-a158-eae994447d5b/MA/ros2_ws/build/imu_echo': /usr/bin/cmake --build /media/wy/7089b057-a6d2-459b-a158-eae994447d5b/MA/ros2_ws/build/imu_echo -- -j1 -l1
[13.304s] DEBUG:colcon.colcon_core.event_handler.log_command:Invoked command in '/media/wy/7089b057-a6d2-459b-a158-eae994447d5b/MA/ros2_ws/build/imu_echo' returned '0': /usr/bin/cmake --build /media/wy/7089b057-a6d2-459b-a158-eae994447d5b/MA/ros2_ws/build/imu_echo -- -j1 -l1
[13.329s] DEBUG:colcon.colcon_core.event_handler.log_command:Invoking command in '/media/wy/7089b057-a6d2-459b-a158-eae994447d5b/MA/ros2_ws/build/imu_echo': /usr/bin/cmake --install /media/wy/7089b057-a6d2-459b-a158-eae994447d5b/MA/ros2_ws/build/imu_echo
[13.430s] Level 1:colcon.colcon_core.environment:create_environment_scripts_only(imu_echo)
[13.430s] DEBUG:colcon.colcon_core.event_handler.log_command:Invoked command in '/media/wy/7089b057-a6d2-459b-a158-eae994447d5b/MA/ros2_ws/build/imu_echo' returned '0': /usr/bin/cmake --install /media/wy/7089b057-a6d2-459b-a158-eae994447d5b/MA/ros2_ws/build/imu_echo
[13.432s] Level 1:colcon.colcon_core.environment:checking '/media/wy/7089b057-a6d2-459b-a158-eae994447d5b/MA/ros2_ws/install/imu_echo' for CMake module files
[13.433s] Level 1:colcon.colcon_core.environment:checking '/media/wy/7089b057-a6d2-459b-a158-eae994447d5b/MA/ros2_ws/install/imu_echo' for CMake config files
[13.434s] Level 1:colcon.colcon_core.shell:create_environment_hook('imu_echo', 'cmake_prefix_path')
[13.435s] INFO:colcon.colcon_core.shell:Creating environment hook '/media/wy/7089b057-a6d2-459b-a158-eae994447d5b/MA/ros2_ws/install/imu_echo/share/imu_echo/hook/cmake_prefix_path.ps1'
[13.436s] INFO:colcon.colcon_core.shell:Creating environment descriptor '/media/wy/7089b057-a6d2-459b-a158-eae994447d5b/MA/ros2_ws/install/imu_echo/share/imu_echo/hook/cmake_prefix_path.dsv'
[13.436s] INFO:colcon.colcon_core.shell:Creating environment hook '/media/wy/7089b057-a6d2-459b-a158-eae994447d5b/MA/ros2_ws/install/imu_echo/share/imu_echo/hook/cmake_prefix_path.sh'
[13.438s] Level 1:colcon.colcon_core.environment:checking '/media/wy/7089b057-a6d2-459b-a158-eae994447d5b/MA/ros2_ws/install/imu_echo/lib'
[13.438s] Level 1:colcon.colcon_core.environment:checking '/media/wy/7089b057-a6d2-459b-a158-eae994447d5b/MA/ros2_ws/install/imu_echo/bin'
[13.438s] Level 1:colcon.colcon_core.environment:checking '/media/wy/7089b057-a6d2-459b-a158-eae994447d5b/MA/ros2_ws/install/imu_echo/lib/pkgconfig/imu_echo.pc'
[13.439s] Level 1:colcon.colcon_core.environment:checking '/media/wy/7089b057-a6d2-459b-a158-eae994447d5b/MA/ros2_ws/install/imu_echo/lib/python3.8/site-packages'
[13.439s] Level 1:colcon.colcon_core.environment:checking '/media/wy/7089b057-a6d2-459b-a158-eae994447d5b/MA/ros2_ws/install/imu_echo/bin'
[13.440s] INFO:colcon.colcon_core.shell:Creating package script '/media/wy/7089b057-a6d2-459b-a158-eae994447d5b/MA/ros2_ws/install/imu_echo/share/imu_echo/package.ps1'
[13.441s] INFO:colcon.colcon_core.shell:Creating package descriptor '/media/wy/7089b057-a6d2-459b-a158-eae994447d5b/MA/ros2_ws/install/imu_echo/share/imu_echo/package.dsv'
[13.442s] INFO:colcon.colcon_core.shell:Creating package script '/media/wy/7089b057-a6d2-459b-a158-eae994447d5b/MA/ros2_ws/install/imu_echo/share/imu_echo/package.sh'
[13.444s] INFO:colcon.colcon_core.shell:Creating package script '/media/wy/7089b057-a6d2-459b-a158-eae994447d5b/MA/ros2_ws/install/imu_echo/share/imu_echo/package.bash'
[13.445s] INFO:colcon.colcon_core.shell:Creating package script '/media/wy/7089b057-a6d2-459b-a158-eae994447d5b/MA/ros2_ws/install/imu_echo/share/imu_echo/package.zsh'
[13.446s] Level 1:colcon.colcon_core.environment:create_file_with_runtime_dependencies(/media/wy/7089b057-a6d2-459b-a158-eae994447d5b/MA/ros2_ws/install/imu_echo/share/colcon-core/packages/imu_echo)
[13.471s] Level 1:colcon.colcon_core.environment:create_environment_scripts_only(imu_echo)
[13.473s] Level 1:colcon.colcon_core.environment:checking '/media/wy/7089b057-a6d2-459b-a158-eae994447d5b/MA/ros2_ws/install/imu_echo' for CMake module files
[13.473s] Level 1:colcon.colcon_core.environment:checking '/media/wy/7089b057-a6d2-459b-a158-eae994447d5b/MA/ros2_ws/install/imu_echo' for CMake config files
[13.474s] Level 1:colcon.colcon_core.shell:create_environment_hook('imu_echo', 'cmake_prefix_path')
[13.474s] INFO:colcon.colcon_core.shell:Creating environment hook '/media/wy/7089b057-a6d2-459b-a158-eae994447d5b/MA/ros2_ws/install/imu_echo/share/imu_echo/hook/cmake_prefix_path.ps1'
[13.475s] INFO:colcon.colcon_core.shell:Creating environment descriptor '/media/wy/7089b057-a6d2-459b-a158-eae994447d5b/MA/ros2_ws/install/imu_echo/share/imu_echo/hook/cmake_prefix_path.dsv'
[13.475s] INFO:colcon.colcon_core.shell:Creating environment hook '/media/wy/7089b057-a6d2-459b-a158-eae994447d5b/MA/ros2_ws/install/imu_echo/share/imu_echo/hook/cmake_prefix_path.sh'
[13.476s] Level 1:colcon.colcon_core.environment:checking '/media/wy/7089b057-a6d2-459b-a158-eae994447d5b/MA/ros2_ws/install/imu_echo/lib'
[13.476s] Level 1:colcon.colcon_core.environment:checking '/media/wy/7089b057-a6d2-459b-a158-eae994447d5b/MA/ros2_ws/install/imu_echo/bin'
[13.476s] Level 1:colcon.colcon_core.environment:checking '/media/wy/7089b057-a6d2-459b-a158-eae994447d5b/MA/ros2_ws/install/imu_echo/lib/pkgconfig/imu_echo.pc'
[13.477s] Level 1:colcon.colcon_core.environment:checking '/media/wy/7089b057-a6d2-459b-a158-eae994447d5b/MA/ros2_ws/install/imu_echo/lib/python3.8/site-packages'
[13.477s] Level 1:colcon.colcon_core.environment:checking '/media/wy/7089b057-a6d2-459b-a158-eae994447d5b/MA/ros2_ws/install/imu_echo/bin'
[13.477s] INFO:colcon.colcon_core.shell:Creating package script '/media/wy/7089b057-a6d2-459b-a158-eae994447d5b/MA/ros2_ws/install/imu_echo/share/imu_echo/package.ps1'
[13.478s] INFO:colcon.colcon_core.shell:Creating package descriptor '/media/wy/7089b057-a6d2-459b-a158-eae994447d5b/MA/ros2_ws/install/imu_echo/share/imu_echo/package.dsv'
[13.479s] INFO:colcon.colcon_core.shell:Creating package script '/media/wy/7089b057-a6d2-459b-a158-eae994447d5b/MA/ros2_ws/install/imu_echo/share/imu_echo/package.sh'
[13.479s] INFO:colcon.colcon_core.shell:Creating package script '/media/wy/7089b057-a6d2-459b-a158-eae994447d5b/MA/ros2_ws/install/imu_echo/share/imu_echo/package.bash'
[13.480s] INFO:colcon.colcon_core.shell:Creating package script '/media/wy/7089b057-a6d2-459b-a158-eae994447d5b/MA/ros2_ws/install/imu_echo/share/imu_echo/package.zsh'
[13.480s] Level 1:colcon.colcon_core.environment:create_file_with_runtime_dependencies(/media/wy/7089b057-a6d2-459b-a158-eae994447d5b/MA/ros2_ws/install/imu_echo/share/colcon-core/packages/imu_echo)
[13.482s] INFO:colcon.colcon_ros.task.ament_python.build:Building ROS package in '/media/wy/7089b057-a6d2-459b-a158-eae994447d5b/MA/ros2_ws/src/py_image_save' with build type 'ament_python'
[13.489s] Level 1:colcon.colcon_core.shell:create_environment_hook('py_image_save', 'ament_prefix_path')
[13.490s] INFO:colcon.colcon_core.shell:Creating environment hook '/media/wy/7089b057-a6d2-459b-a158-eae994447d5b/MA/ros2_ws/install/py_image_save/share/py_image_save/hook/ament_prefix_path.ps1'
[13.491s] INFO:colcon.colcon_core.shell:Creating environment descriptor '/media/wy/7089b057-a6d2-459b-a158-eae994447d5b/MA/ros2_ws/install/py_image_save/share/py_image_save/hook/ament_prefix_path.dsv'
[13.491s] INFO:colcon.colcon_core.shell:Creating environment hook '/media/wy/7089b057-a6d2-459b-a158-eae994447d5b/MA/ros2_ws/install/py_image_save/share/py_image_save/hook/ament_prefix_path.sh'
[13.492s] INFO:colcon.colcon_core.shell:Skip shell extension 'powershell' for command environment: Not usable outside of PowerShell
[13.492s] DEBUG:colcon.colcon_core.shell:Skip shell extension 'dsv' for command environment
[13.832s] INFO:colcon.colcon_core.task.python.build:Building Python package in '/media/wy/7089b057-a6d2-459b-a158-eae994447d5b/MA/ros2_ws/src/py_image_save'
[13.833s] INFO:colcon.colcon_core.shell:Skip shell extension 'powershell' for command environment: Not usable outside of PowerShell
[13.833s] DEBUG:colcon.colcon_core.shell:Skip shell extension 'dsv' for command environment
[16.615s] DEBUG:colcon.colcon_core.event_handler.log_command:Invoking command in '/media/wy/7089b057-a6d2-459b-a158-eae994447d5b/MA/ros2_ws/src/py_image_save': PYTHONPATH=/media/wy/7089b057-a6d2-459b-a158-eae994447d5b/MA/ros2_ws/install/py_image_save/lib/python3.8/site-packages: /usr/bin/python3 setup.py egg_info --egg-base ../../build/py_image_save build --build-base /media/wy/7089b057-a6d2-459b-a158-eae994447d5b/MA/ros2_ws/build/py_image_save/build install --prefix /media/wy/7089b057-a6d2-459b-a158-eae994447d5b/MA/ros2_ws/install/py_image_save --record /media/wy/7089b057-a6d2-459b-a158-eae994447d5b/MA/ros2_ws/build/py_image_save/install.log --single-version-externally-managed
[17.532s] DEBUG:colcon.colcon_core.event_handler.log_command:Invoked command in '/media/wy/7089b057-a6d2-459b-a158-eae994447d5b/MA/ros2_ws/src/py_image_save' returned '0': PYTHONPATH=/media/wy/7089b057-a6d2-459b-a158-eae994447d5b/MA/ros2_ws/install/py_image_save/lib/python3.8/site-packages: /usr/bin/python3 setup.py egg_info --egg-base ../../build/py_image_save build --build-base /media/wy/7089b057-a6d2-459b-a158-eae994447d5b/MA/ros2_ws/build/py_image_save/build install --prefix /media/wy/7089b057-a6d2-459b-a158-eae994447d5b/MA/ros2_ws/install/py_image_save --record /media/wy/7089b057-a6d2-459b-a158-eae994447d5b/MA/ros2_ws/build/py_image_save/install.log --single-version-externally-managed
[17.534s] Level 1:colcon.colcon_core.environment:checking '/media/wy/7089b057-a6d2-459b-a158-eae994447d5b/MA/ros2_ws/install/py_image_save' for CMake module files
[17.535s] Level 1:colcon.colcon_core.environment:checking '/media/wy/7089b057-a6d2-459b-a158-eae994447d5b/MA/ros2_ws/install/py_image_save' for CMake config files
[17.536s] Level 1:colcon.colcon_core.environment:checking '/media/wy/7089b057-a6d2-459b-a158-eae994447d5b/MA/ros2_ws/install/py_image_save/lib'
[17.536s] Level 1:colcon.colcon_core.environment:checking '/media/wy/7089b057-a6d2-459b-a158-eae994447d5b/MA/ros2_ws/install/py_image_save/bin'
[17.536s] Level 1:colcon.colcon_core.environment:checking '/media/wy/7089b057-a6d2-459b-a158-eae994447d5b/MA/ros2_ws/install/py_image_save/lib/pkgconfig/py_image_save.pc'
[17.536s] Level 1:colcon.colcon_core.environment:checking '/media/wy/7089b057-a6d2-459b-a158-eae994447d5b/MA/ros2_ws/install/py_image_save/lib/python3.8/site-packages'
[17.536s] Level 1:colcon.colcon_core.shell:create_environment_hook('py_image_save', 'pythonpath')
[17.537s] INFO:colcon.colcon_core.shell:Creating environment hook '/media/wy/7089b057-a6d2-459b-a158-eae994447d5b/MA/ros2_ws/install/py_image_save/share/py_image_save/hook/pythonpath.ps1'
[17.537s] INFO:colcon.colcon_core.shell:Creating environment descriptor '/media/wy/7089b057-a6d2-459b-a158-eae994447d5b/MA/ros2_ws/install/py_image_save/share/py_image_save/hook/pythonpath.dsv'
[17.537s] INFO:colcon.colcon_core.shell:Creating environment hook '/media/wy/7089b057-a6d2-459b-a158-eae994447d5b/MA/ros2_ws/install/py_image_save/share/py_image_save/hook/pythonpath.sh'
[17.538s] Level 1:colcon.colcon_core.environment:checking '/media/wy/7089b057-a6d2-459b-a158-eae994447d5b/MA/ros2_ws/install/py_image_save/bin'
[17.538s] Level 1:colcon.colcon_core.environment:create_environment_scripts_only(py_image_save)
[17.538s] INFO:colcon.colcon_core.shell:Creating package script '/media/wy/7089b057-a6d2-459b-a158-eae994447d5b/MA/ros2_ws/install/py_image_save/share/py_image_save/package.ps1'
[17.548s] INFO:colcon.colcon_core.shell:Creating package descriptor '/media/wy/7089b057-a6d2-459b-a158-eae994447d5b/MA/ros2_ws/install/py_image_save/share/py_image_save/package.dsv'
[17.548s] INFO:colcon.colcon_core.shell:Creating package script '/media/wy/7089b057-a6d2-459b-a158-eae994447d5b/MA/ros2_ws/install/py_image_save/share/py_image_save/package.sh'
[17.549s] INFO:colcon.colcon_core.shell:Creating package script '/media/wy/7089b057-a6d2-459b-a158-eae994447d5b/MA/ros2_ws/install/py_image_save/share/py_image_save/package.bash'
[17.549s] INFO:colcon.colcon_core.shell:Creating package script '/media/wy/7089b057-a6d2-459b-a158-eae994447d5b/MA/ros2_ws/install/py_image_save/share/py_image_save/package.zsh'
[17.559s] Level 1:colcon.colcon_core.environment:create_file_with_runtime_dependencies(/media/wy/7089b057-a6d2-459b-a158-eae994447d5b/MA/ros2_ws/install/py_image_save/share/colcon-core/packages/py_image_save)
[17.560s] INFO:colcon.colcon_ros.task.ament_cmake.build:Building ROS package in '/media/wy/7089b057-a6d2-459b-a158-eae994447d5b/MA/ros2_ws/src/ros_tutorials/turtlesim' with build type 'ament_cmake'
[17.561s] INFO:colcon.colcon_cmake.task.cmake.build:Building CMake package in '/media/wy/7089b057-a6d2-459b-a158-eae994447d5b/MA/ros2_ws/src/ros_tutorials/turtlesim'
[17.561s] INFO:colcon.colcon_core.shell:Skip shell extension 'powershell' for command environment: Not usable outside of PowerShell
[17.561s] DEBUG:colcon.colcon_core.shell:Skip shell extension 'dsv' for command environment
[17.608s] DEBUG:colcon.colcon_core.event_handler.log_command:Invoking command in '/media/wy/7089b057-a6d2-459b-a158-eae994447d5b/MA/ros2_ws/build/turtlesim': /usr/bin/cmake --build /media/wy/7089b057-a6d2-459b-a158-eae994447d5b/MA/ros2_ws/build/turtlesim -- -j1 -l1
[19.248s] DEBUG:colcon.colcon_core.event_handler.log_command:Invoked command in '/media/wy/7089b057-a6d2-459b-a158-eae994447d5b/MA/ros2_ws/build/turtlesim' returned '0': /usr/bin/cmake --build /media/wy/7089b057-a6d2-459b-a158-eae994447d5b/MA/ros2_ws/build/turtlesim -- -j1 -l1
[19.400s] DEBUG:colcon.colcon_core.event_handler.log_command:Invoking command in '/media/wy/7089b057-a6d2-459b-a158-eae994447d5b/MA/ros2_ws/build/turtlesim': /usr/bin/cmake --install /media/wy/7089b057-a6d2-459b-a158-eae994447d5b/MA/ros2_ws/build/turtlesim
[19.742s] Level 1:colcon.colcon_core.environment:create_environment_scripts_only(turtlesim)
[19.744s] Level 1:colcon.colcon_core.environment:checking '/media/wy/7089b057-a6d2-459b-a158-eae994447d5b/MA/ros2_ws/install/turtlesim' for CMake module files
[19.745s] Level 1:colcon.colcon_core.environment:checking '/media/wy/7089b057-a6d2-459b-a158-eae994447d5b/MA/ros2_ws/install/turtlesim' for CMake config files
[19.744s] DEBUG:colcon.colcon_core.event_handler.log_command:Invoked command in '/media/wy/7089b057-a6d2-459b-a158-eae994447d5b/MA/ros2_ws/build/turtlesim' returned '0': /usr/bin/cmake --install /media/wy/7089b057-a6d2-459b-a158-eae994447d5b/MA/ros2_ws/build/turtlesim
[19.745s] Level 1:colcon.colcon_core.shell:create_environment_hook('turtlesim', 'cmake_prefix_path')
[19.746s] INFO:colcon.colcon_core.shell:Creating environment hook '/media/wy/7089b057-a6d2-459b-a158-eae994447d5b/MA/ros2_ws/install/turtlesim/share/turtlesim/hook/cmake_prefix_path.ps1'
[19.747s] INFO:colcon.colcon_core.shell:Creating environment descriptor '/media/wy/7089b057-a6d2-459b-a158-eae994447d5b/MA/ros2_ws/install/turtlesim/share/turtlesim/hook/cmake_prefix_path.dsv'
[19.747s] INFO:colcon.colcon_core.shell:Creating environment hook '/media/wy/7089b057-a6d2-459b-a158-eae994447d5b/MA/ros2_ws/install/turtlesim/share/turtlesim/hook/cmake_prefix_path.sh'
[19.748s] Level 1:colcon.colcon_core.environment:checking '/media/wy/7089b057-a6d2-459b-a158-eae994447d5b/MA/ros2_ws/install/turtlesim/lib'
[19.748s] Level 1:colcon.colcon_core.shell:create_environment_hook('turtlesim', 'ld_library_path_lib')
[19.749s] INFO:colcon.colcon_core.shell:Creating environment hook '/media/wy/7089b057-a6d2-459b-a158-eae994447d5b/MA/ros2_ws/install/turtlesim/share/turtlesim/hook/ld_library_path_lib.ps1'
[19.749s] INFO:colcon.colcon_core.shell:Creating environment descriptor '/media/wy/7089b057-a6d2-459b-a158-eae994447d5b/MA/ros2_ws/install/turtlesim/share/turtlesim/hook/ld_library_path_lib.dsv'
[19.750s] INFO:colcon.colcon_core.shell:Creating environment hook '/media/wy/7089b057-a6d2-459b-a158-eae994447d5b/MA/ros2_ws/install/turtlesim/share/turtlesim/hook/ld_library_path_lib.sh'
[19.751s] Level 1:colcon.colcon_core.environment:checking '/media/wy/7089b057-a6d2-459b-a158-eae994447d5b/MA/ros2_ws/install/turtlesim/bin'
[19.751s] Level 1:colcon.colcon_core.environment:checking '/media/wy/7089b057-a6d2-459b-a158-eae994447d5b/MA/ros2_ws/install/turtlesim/lib/pkgconfig/turtlesim.pc'
[19.751s] Level 1:colcon.colcon_core.environment:checking '/media/wy/7089b057-a6d2-459b-a158-eae994447d5b/MA/ros2_ws/install/turtlesim/lib/python3.8/site-packages'
[19.751s] Level 1:colcon.colcon_core.shell:create_environment_hook('turtlesim', 'pythonpath')
[19.752s] INFO:colcon.colcon_core.shell:Creating environment hook '/media/wy/7089b057-a6d2-459b-a158-eae994447d5b/MA/ros2_ws/install/turtlesim/share/turtlesim/hook/pythonpath.ps1'
[19.752s] INFO:colcon.colcon_core.shell:Creating environment descriptor '/media/wy/7089b057-a6d2-459b-a158-eae994447d5b/MA/ros2_ws/install/turtlesim/share/turtlesim/hook/pythonpath.dsv'
[19.753s] INFO:colcon.colcon_core.shell:Creating environment hook '/media/wy/7089b057-a6d2-459b-a158-eae994447d5b/MA/ros2_ws/install/turtlesim/share/turtlesim/hook/pythonpath.sh'
[19.753s] Level 1:colcon.colcon_core.environment:checking '/media/wy/7089b057-a6d2-459b-a158-eae994447d5b/MA/ros2_ws/install/turtlesim/bin'
[19.754s] INFO:colcon.colcon_core.shell:Creating package script '/media/wy/7089b057-a6d2-459b-a158-eae994447d5b/MA/ros2_ws/install/turtlesim/share/turtlesim/package.ps1'
[19.755s] INFO:colcon.colcon_core.shell:Creating package descriptor '/media/wy/7089b057-a6d2-459b-a158-eae994447d5b/MA/ros2_ws/install/turtlesim/share/turtlesim/package.dsv'
[19.756s] INFO:colcon.colcon_core.shell:Creating package script '/media/wy/7089b057-a6d2-459b-a158-eae994447d5b/MA/ros2_ws/install/turtlesim/share/turtlesim/package.sh'
[19.756s] INFO:colcon.colcon_core.shell:Creating package script '/media/wy/7089b057-a6d2-459b-a158-eae994447d5b/MA/ros2_ws/install/turtlesim/share/turtlesim/package.bash'
[19.757s] INFO:colcon.colcon_core.shell:Creating package script '/media/wy/7089b057-a6d2-459b-a158-eae994447d5b/MA/ros2_ws/install/turtlesim/share/turtlesim/package.zsh'
[19.757s] Level 1:colcon.colcon_core.environment:create_file_with_runtime_dependencies(/media/wy/7089b057-a6d2-459b-a158-eae994447d5b/MA/ros2_ws/install/turtlesim/share/colcon-core/packages/turtlesim)
[19.964s] Level 1:colcon.colcon_core.environment:create_environment_scripts_only(turtlesim)
[19.965s] Level 1:colcon.colcon_core.environment:checking '/media/wy/7089b057-a6d2-459b-a158-eae994447d5b/MA/ros2_ws/install/turtlesim' for CMake module files
[19.966s] Level 1:colcon.colcon_core.environment:checking '/media/wy/7089b057-a6d2-459b-a158-eae994447d5b/MA/ros2_ws/install/turtlesim' for CMake config files
[19.966s] Level 1:colcon.colcon_core.shell:create_environment_hook('turtlesim', 'cmake_prefix_path')
[19.966s] INFO:colcon.colcon_core.shell:Creating environment hook '/media/wy/7089b057-a6d2-459b-a158-eae994447d5b/MA/ros2_ws/install/turtlesim/share/turtlesim/hook/cmake_prefix_path.ps1'
[19.967s] INFO:colcon.colcon_core.shell:Creating environment descriptor '/media/wy/7089b057-a6d2-459b-a158-eae994447d5b/MA/ros2_ws/install/turtlesim/share/turtlesim/hook/cmake_prefix_path.dsv'
[19.967s] INFO:colcon.colcon_core.shell:Creating environment hook '/media/wy/7089b057-a6d2-459b-a158-eae994447d5b/MA/ros2_ws/install/turtlesim/share/turtlesim/hook/cmake_prefix_path.sh'
[19.968s] Level 1:colcon.colcon_core.environment:checking '/media/wy/7089b057-a6d2-459b-a158-eae994447d5b/MA/ros2_ws/install/turtlesim/lib'
[19.968s] Level 1:colcon.colcon_core.shell:create_environment_hook('turtlesim', 'ld_library_path_lib')
[19.969s] INFO:colcon.colcon_core.shell:Creating environment hook '/media/wy/7089b057-a6d2-459b-a158-eae994447d5b/MA/ros2_ws/install/turtlesim/share/turtlesim/hook/ld_library_path_lib.ps1'
[19.969s] INFO:colcon.colcon_core.shell:Creating environment descriptor '/media/wy/7089b057-a6d2-459b-a158-eae994447d5b/MA/ros2_ws/install/turtlesim/share/turtlesim/hook/ld_library_path_lib.dsv'
[19.970s] INFO:colcon.colcon_core.shell:Creating environment hook '/media/wy/7089b057-a6d2-459b-a158-eae994447d5b/MA/ros2_ws/install/turtlesim/share/turtlesim/hook/ld_library_path_lib.sh'
[19.970s] Level 1:colcon.colcon_core.environment:checking '/media/wy/7089b057-a6d2-459b-a158-eae994447d5b/MA/ros2_ws/install/turtlesim/bin'
[19.970s] Level 1:colcon.colcon_core.environment:checking '/media/wy/7089b057-a6d2-459b-a158-eae994447d5b/MA/ros2_ws/install/turtlesim/lib/pkgconfig/turtlesim.pc'
[19.970s] Level 1:colcon.colcon_core.environment:checking '/media/wy/7089b057-a6d2-459b-a158-eae994447d5b/MA/ros2_ws/install/turtlesim/lib/python3.8/site-packages'
[19.971s] Level 1:colcon.colcon_core.shell:create_environment_hook('turtlesim', 'pythonpath')
[19.971s] INFO:colcon.colcon_core.shell:Creating environment hook '/media/wy/7089b057-a6d2-459b-a158-eae994447d5b/MA/ros2_ws/install/turtlesim/share/turtlesim/hook/pythonpath.ps1'
[19.971s] INFO:colcon.colcon_core.shell:Creating environment descriptor '/media/wy/7089b057-a6d2-459b-a158-eae994447d5b/MA/ros2_ws/install/turtlesim/share/turtlesim/hook/pythonpath.dsv'
[19.972s] INFO:colcon.colcon_core.shell:Creating environment hook '/media/wy/7089b057-a6d2-459b-a158-eae994447d5b/MA/ros2_ws/install/turtlesim/share/turtlesim/hook/pythonpath.sh'
[19.973s] Level 1:colcon.colcon_core.environment:checking '/media/wy/7089b057-a6d2-459b-a158-eae994447d5b/MA/ros2_ws/install/turtlesim/bin'
[19.973s] INFO:colcon.colcon_core.shell:Creating package script '/media/wy/7089b057-a6d2-459b-a158-eae994447d5b/MA/ros2_ws/install/turtlesim/share/turtlesim/package.ps1'
[19.974s] INFO:colcon.colcon_core.shell:Creating package descriptor '/media/wy/7089b057-a6d2-459b-a158-eae994447d5b/MA/ros2_ws/install/turtlesim/share/turtlesim/package.dsv'
[19.974s] INFO:colcon.colcon_core.shell:Creating package script '/media/wy/7089b057-a6d2-459b-a158-eae994447d5b/MA/ros2_ws/install/turtlesim/share/turtlesim/package.sh'
[19.975s] INFO:colcon.colcon_core.shell:Creating package script '/media/wy/7089b057-a6d2-459b-a158-eae994447d5b/MA/ros2_ws/install/turtlesim/share/turtlesim/package.bash'
[19.975s] INFO:colcon.colcon_core.shell:Creating package script '/media/wy/7089b057-a6d2-459b-a158-eae994447d5b/MA/ros2_ws/install/turtlesim/share/turtlesim/package.zsh'
[19.976s] Level 1:colcon.colcon_core.environment:create_file_with_runtime_dependencies(/media/wy/7089b057-a6d2-459b-a158-eae994447d5b/MA/ros2_ws/install/turtlesim/share/colcon-core/packages/turtlesim)
[19.977s] DEBUG:colcon.colcon_parallel_executor.executor.parallel:closing loop
[19.977s] DEBUG:colcon.colcon_parallel_executor.executor.parallel:loop closed
[19.977s] DEBUG:colcon.colcon_parallel_executor.executor.parallel:run_until_complete finished with '0'
[19.977s] DEBUG:colcon.colcon_core.event_reactor:joining thread
[20.013s] INFO:colcon.colcon_core.plugin_system:Skipping extension 'colcon_notification.desktop_notification.terminal_notifier': Not used on non-Darwin systems
[20.013s] INFO:colcon.colcon_core.plugin_system:Skipping extension 'colcon_notification.desktop_notification.win32': Not used on non-Windows systems
[20.014s] INFO:colcon.colcon_notification.desktop_notification:Sending desktop notification using 'notify2'
[20.112s] DEBUG:colcon.colcon_core.event_reactor:joined thread
[20.112s] INFO:colcon.colcon_core.shell:Creating prefix script '/media/wy/7089b057-a6d2-459b-a158-eae994447d5b/MA/ros2_ws/install/local_setup.ps1'
[20.121s] INFO:colcon.colcon_core.shell:Creating prefix util module '/media/wy/7089b057-a6d2-459b-a158-eae994447d5b/MA/ros2_ws/install/_local_setup_util_ps1.py'
[20.136s] INFO:colcon.colcon_core.shell:Creating prefix chain script '/media/wy/7089b057-a6d2-459b-a158-eae994447d5b/MA/ros2_ws/install/setup.ps1'
[20.137s] INFO:colcon.colcon_core.shell:Creating prefix script '/media/wy/7089b057-a6d2-459b-a158-eae994447d5b/MA/ros2_ws/install/local_setup.sh'
[20.139s] INFO:colcon.colcon_core.shell:Creating prefix util module '/media/wy/7089b057-a6d2-459b-a158-eae994447d5b/MA/ros2_ws/install/_local_setup_util_sh.py'
[20.140s] INFO:colcon.colcon_core.shell:Creating prefix chain script '/media/wy/7089b057-a6d2-459b-a158-eae994447d5b/MA/ros2_ws/install/setup.sh'
[20.144s] INFO:colcon.colcon_core.shell:Creating prefix script '/media/wy/7089b057-a6d2-459b-a158-eae994447d5b/MA/ros2_ws/install/local_setup.bash'
[20.145s] INFO:colcon.colcon_core.shell:Creating prefix chain script '/media/wy/7089b057-a6d2-459b-a158-eae994447d5b/MA/ros2_ws/install/setup.bash'
[20.146s] INFO:colcon.colcon_core.shell:Creating prefix script '/media/wy/7089b057-a6d2-459b-a158-eae994447d5b/MA/ros2_ws/install/local_setup.zsh'
[20.147s] INFO:colcon.colcon_core.shell:Creating prefix chain script '/media/wy/7089b057-a6d2-459b-a158-eae994447d5b/MA/ros2_ws/install/setup.zsh'
