[0.264s] Invoking command in '/media/wy/7089b057-a6d2-459b-a158-eae994447d5b/MA/ros2_ws/build/cpp_pubsub': CMAKE_PREFIX_PATH=${CMAKE_PREFIX_PATH}:/opt/ros/foxy /usr/bin/cmake --build /media/wy/7089b057-a6d2-459b-a158-eae994447d5b/MA/ros2_ws/build/cpp_pubsub -- -j1 -l1
[1.229s] [ 50%] Built target listener
[1.279s] [100%] Built target talker
[1.295s] Invoked command in '/media/wy/7089b057-a6d2-459b-a158-eae994447d5b/MA/ros2_ws/build/cpp_pubsub' returned '0': CMAKE_PREFIX_PATH=${CMAKE_PREFIX_PATH}:/opt/ros/foxy /usr/bin/cmake --build /media/wy/7089b057-a6d2-459b-a158-eae994447d5b/MA/ros2_ws/build/cpp_pubsub -- -j1 -l1
[1.355s] Invoking command in '/media/wy/7089b057-a6d2-459b-a158-eae994447d5b/MA/ros2_ws/build/cpp_pubsub': CMAKE_PREFIX_PATH=${CMAKE_PREFIX_PATH}:/opt/ros/foxy /usr/bin/cmake --install /media/wy/7089b057-a6d2-459b-a158-eae994447d5b/MA/ros2_ws/build/cpp_pubsub
[1.456s] -- Install configuration: ""
[1.480s] -- Up-to-date: /media/wy/7089b057-a6d2-459b-a158-eae994447d5b/MA/ros2_ws/install/cpp_pubsub/lib/cpp_pubsub/talker
[1.513s] -- Up-to-date: /media/wy/7089b057-a6d2-459b-a158-eae994447d5b/MA/ros2_ws/install/cpp_pubsub/lib/cpp_pubsub/listener
[1.514s] -- Up-to-date: /media/wy/7089b057-a6d2-459b-a158-eae994447d5b/MA/ros2_ws/install/cpp_pubsub/share/ament_index/resource_index/package_run_dependencies/cpp_pubsub
[1.514s] -- Up-to-date: /media/wy/7089b057-a6d2-459b-a158-eae994447d5b/MA/ros2_ws/install/cpp_pubsub/share/ament_index/resource_index/parent_prefix_path/cpp_pubsub
[1.514s] -- Up-to-date: /media/wy/7089b057-a6d2-459b-a158-eae994447d5b/MA/ros2_ws/install/cpp_pubsub/share/cpp_pubsub/environment/ament_prefix_path.sh
[1.515s] -- Up-to-date: /media/wy/7089b057-a6d2-459b-a158-eae994447d5b/MA/ros2_ws/install/cpp_pubsub/share/cpp_pubsub/environment/ament_prefix_path.dsv
[1.515s] -- Up-to-date: /media/wy/7089b057-a6d2-459b-a158-eae994447d5b/MA/ros2_ws/install/cpp_pubsub/share/cpp_pubsub/environment/path.sh
[1.515s] -- Up-to-date: /media/wy/7089b057-a6d2-459b-a158-eae994447d5b/MA/ros2_ws/install/cpp_pubsub/share/cpp_pubsub/environment/path.dsv
[1.516s] -- Up-to-date: /media/wy/7089b057-a6d2-459b-a158-eae994447d5b/MA/ros2_ws/install/cpp_pubsub/share/cpp_pubsub/local_setup.bash
[1.516s] -- Up-to-date: /media/wy/7089b057-a6d2-459b-a158-eae994447d5b/MA/ros2_ws/install/cpp_pubsub/share/cpp_pubsub/local_setup.sh
[1.516s] -- Up-to-date: /media/wy/7089b057-a6d2-459b-a158-eae994447d5b/MA/ros2_ws/install/cpp_pubsub/share/cpp_pubsub/local_setup.zsh
[1.516s] -- Up-to-date: /media/wy/7089b057-a6d2-459b-a158-eae994447d5b/MA/ros2_ws/install/cpp_pubsub/share/cpp_pubsub/local_setup.dsv
[1.517s] -- Installing: /media/wy/7089b057-a6d2-459b-a158-eae994447d5b/MA/ros2_ws/install/cpp_pubsub/share/cpp_pubsub/package.dsv
[1.528s] -- Up-to-date: /media/wy/7089b057-a6d2-459b-a158-eae994447d5b/MA/ros2_ws/install/cpp_pubsub/share/ament_index/resource_index/packages/cpp_pubsub
[1.528s] -- Up-to-date: /media/wy/7089b057-a6d2-459b-a158-eae994447d5b/MA/ros2_ws/install/cpp_pubsub/share/cpp_pubsub/cmake/cpp_pubsubConfig.cmake
[1.528s] -- Up-to-date: /media/wy/7089b057-a6d2-459b-a158-eae994447d5b/MA/ros2_ws/install/cpp_pubsub/share/cpp_pubsub/cmake/cpp_pubsubConfig-version.cmake
[1.528s] -- Up-to-date: /media/wy/7089b057-a6d2-459b-a158-eae994447d5b/MA/ros2_ws/install/cpp_pubsub/share/cpp_pubsub/package.xml
[1.532s] Invoked command in '/media/wy/7089b057-a6d2-459b-a158-eae994447d5b/MA/ros2_ws/build/cpp_pubsub' returned '0': CMAKE_PREFIX_PATH=${CMAKE_PREFIX_PATH}:/opt/ros/foxy /usr/bin/cmake --install /media/wy/7089b057-a6d2-459b-a158-eae994447d5b/MA/ros2_ws/build/cpp_pubsub
