[0.054s] Invoking command in '/media/wy/7089b057-a6d2-459b-a158-eae994447d5b/MA/ros2_ws/build/imu_echo': CMAKE_PREFIX_PATH=${CMAKE_PREFIX_PATH}:/opt/ros/foxy /usr/bin/cmake --build /media/wy/7089b057-a6d2-459b-a158-eae994447d5b/MA/ros2_ws/build/imu_echo -- -j1 -l1
[0.126s] [35m[1mScanning dependencies of target imu_echo[0m
[0.157s] [ 50%] [32mBuilding CXX object CMakeFiles/imu_echo.dir/src/imu_echo.cpp.o[0m
[6.786s] [100%] [32m[1mLinking CXX executable imu_echo[0m
[7.295s] [100%] Built target imu_echo
[7.325s] Invoked command in '/media/wy/7089b057-a6d2-459b-a158-eae994447d5b/MA/ros2_ws/build/imu_echo' returned '0': CMAKE_PREFIX_PATH=${CMAKE_PREFIX_PATH}:/opt/ros/foxy /usr/bin/cmake --build /media/wy/7089b057-a6d2-459b-a158-eae994447d5b/MA/ros2_ws/build/imu_echo -- -j1 -l1
[7.402s] Invoking command in '/media/wy/7089b057-a6d2-459b-a158-eae994447d5b/MA/ros2_ws/build/imu_echo': CMAKE_PREFIX_PATH=${CMAKE_PREFIX_PATH}:/opt/ros/foxy /usr/bin/cmake --install /media/wy/7089b057-a6d2-459b-a158-eae994447d5b/MA/ros2_ws/build/imu_echo
[7.428s] -- Install configuration: ""
[7.429s] -- Installing: /media/wy/7089b057-a6d2-459b-a158-eae994447d5b/MA/ros2_ws/install/imu_echo/lib/imu_echo/imu_echo
[7.433s] -- Set runtime path of "/media/wy/7089b057-a6d2-459b-a158-eae994447d5b/MA/ros2_ws/install/imu_echo/lib/imu_echo/imu_echo" to ""
[7.433s] -- Up-to-date: /media/wy/7089b057-a6d2-459b-a158-eae994447d5b/MA/ros2_ws/install/imu_echo/share/ament_index/resource_index/package_run_dependencies/imu_echo
[7.434s] -- Up-to-date: /media/wy/7089b057-a6d2-459b-a158-eae994447d5b/MA/ros2_ws/install/imu_echo/share/ament_index/resource_index/parent_prefix_path/imu_echo
[7.434s] -- Up-to-date: /media/wy/7089b057-a6d2-459b-a158-eae994447d5b/MA/ros2_ws/install/imu_echo/share/imu_echo/environment/ament_prefix_path.sh
[7.434s] -- Up-to-date: /media/wy/7089b057-a6d2-459b-a158-eae994447d5b/MA/ros2_ws/install/imu_echo/share/imu_echo/environment/ament_prefix_path.dsv
[7.434s] -- Up-to-date: /media/wy/7089b057-a6d2-459b-a158-eae994447d5b/MA/ros2_ws/install/imu_echo/share/imu_echo/environment/path.sh
[7.435s] -- Up-to-date: /media/wy/7089b057-a6d2-459b-a158-eae994447d5b/MA/ros2_ws/install/imu_echo/share/imu_echo/environment/path.dsv
[7.435s] -- Up-to-date: /media/wy/7089b057-a6d2-459b-a158-eae994447d5b/MA/ros2_ws/install/imu_echo/share/imu_echo/local_setup.bash
[7.435s] -- Up-to-date: /media/wy/7089b057-a6d2-459b-a158-eae994447d5b/MA/ros2_ws/install/imu_echo/share/imu_echo/local_setup.sh
[7.435s] -- Up-to-date: /media/wy/7089b057-a6d2-459b-a158-eae994447d5b/MA/ros2_ws/install/imu_echo/share/imu_echo/local_setup.zsh
[7.435s] -- Up-to-date: /media/wy/7089b057-a6d2-459b-a158-eae994447d5b/MA/ros2_ws/install/imu_echo/share/imu_echo/local_setup.dsv
[7.436s] -- Installing: /media/wy/7089b057-a6d2-459b-a158-eae994447d5b/MA/ros2_ws/install/imu_echo/share/imu_echo/package.dsv
[7.436s] -- Up-to-date: /media/wy/7089b057-a6d2-459b-a158-eae994447d5b/MA/ros2_ws/install/imu_echo/share/ament_index/resource_index/packages/imu_echo
[7.436s] -- Up-to-date: /media/wy/7089b057-a6d2-459b-a158-eae994447d5b/MA/ros2_ws/install/imu_echo/share/imu_echo/cmake/imu_echoConfig.cmake
[7.437s] -- Up-to-date: /media/wy/7089b057-a6d2-459b-a158-eae994447d5b/MA/ros2_ws/install/imu_echo/share/imu_echo/cmake/imu_echoConfig-version.cmake
[7.437s] -- Up-to-date: /media/wy/7089b057-a6d2-459b-a158-eae994447d5b/MA/ros2_ws/install/imu_echo/share/imu_echo/package.xml
[7.440s] Invoked command in '/media/wy/7089b057-a6d2-459b-a158-eae994447d5b/MA/ros2_ws/build/imu_echo' returned '0': CMAKE_PREFIX_PATH=${CMAKE_PREFIX_PATH}:/opt/ros/foxy /usr/bin/cmake --install /media/wy/7089b057-a6d2-459b-a158-eae994447d5b/MA/ros2_ws/build/imu_echo
